TN:test
SF:/usr/include/c++/11/bits/basic_string.tcc
FN:206,_ZNSt7__cxx1112basic_stringIcSt11char_traitsIcESaIcEE12_M_constructIPKcEEvT_S8_St20forward_iterator_tag
FNDA:0,_ZNSt7__cxx1112basic_stringIcSt11char_traitsIcESaIcEE12_M_constructIPKcEEvT_S8_St20forward_iterator_tag
DA:206,0
DA:211,0
DA:212,0
DA:215,0
DA:217,0
DA:219,0
DA:220,0
DA:225,0
DA:226,0
DA:228,0
DA:229,0
DA:232,0
DA:233,0
end_of_record
SF:/usr/include/c++/11/bits/cpp_type_traits.h
FN:560,_ZSt12__miter_baseIN9__gnu_cxx17__normal_iteratorIPKjSt6vectorIjSaIjEEEEET_S8_
FNDA:32,_ZSt12__miter_baseIN9__gnu_cxx17__normal_iteratorIPKjSt6vectorIjSaIjEEEEET_S8_
DA:560,32
DA:561,32
end_of_record
SF:/usr/include/c++/11/bits/stl_iterator_base_funcs.h
FN:98,_ZSt10__distanceIPKcENSt15iterator_traitsIT_E15difference_typeES3_S3_St26random_access_iterator_tag
FNDA:0,_ZSt10__distanceIPKcENSt15iterator_traitsIT_E15difference_typeES3_S3_St26random_access_iterator_tag
FN:138,_ZSt8distanceIPKcENSt15iterator_traitsIT_E15difference_typeES3_S3_
FNDA:0,_ZSt8distanceIPKcENSt15iterator_traitsIT_E15difference_typeES3_S3_
DA:98,0
DA:104,0
DA:138,0
DA:141,0
DA:142,0
end_of_record
SF:/usr/include/c++/11/bits/stl_uninitialized.h
FN:108,_ZNSt20__uninitialized_copyILb1EE13__uninit_copyIN9__gnu_cxx17__normal_iteratorIPKjSt6vectorIjSaIjEEEEPjEET0_T_SC_SB_
FNDA:16,_ZNSt20__uninitialized_copyILb1EE13__uninit_copyIN9__gnu_cxx17__normal_iteratorIPKjSt6vectorIjSaIjEEEEPjEET0_T_SC_SB_
FN:126,_ZSt18uninitialized_copyIN9__gnu_cxx17__normal_iteratorIPKjSt6vectorIjSaIjEEEEPjET0_T_SA_S9_
FNDA:16,_ZSt18uninitialized_copyIN9__gnu_cxx17__normal_iteratorIPKjSt6vectorIjSaIjEEEEPjET0_T_SA_S9_
FN:230,_ZNSt22__uninitialized_fill_nILb0EE15__uninit_fill_nIPSt6vectorIjSaIjEEmS4_EET_S6_T0_RKT1_
FNDA:1,_ZNSt22__uninitialized_fill_nILb0EE15__uninit_fill_nIPSt6vectorIjSaIjEEmS4_EET_S6_T0_RKT1_
FN:253,_ZNSt22__uninitialized_fill_nILb1EE15__uninit_fill_nIPjmjEET_S3_T0_RKT1_
FNDA:1,_ZNSt22__uninitialized_fill_nILb1EE15__uninit_fill_nIPjmjEET_S3_T0_RKT1_
FN:273,_ZSt20uninitialized_fill_nIPSt6vectorIjSaIjEEmS2_ET_S4_T0_RKT1_
FNDA:1,_ZSt20uninitialized_fill_nIPSt6vectorIjSaIjEEmS2_ET_S4_T0_RKT1_
FN:273,_ZSt20uninitialized_fill_nIPjmjET_S1_T0_RKT1_
FNDA:1,_ZSt20uninitialized_fill_nIPjmjET_S1_T0_RKT1_
FN:331,_ZSt22__uninitialized_copy_aIN9__gnu_cxx17__normal_iteratorIPKjSt6vectorIjSaIjEEEEPjjET0_T_SA_S9_RSaIT1_E
FNDA:16,_ZSt22__uninitialized_copy_aIN9__gnu_cxx17__normal_iteratorIPKjSt6vectorIjSaIjEEEEPjjET0_T_SA_S9_RSaIT1_E
FN:408,_ZSt24__uninitialized_fill_n_aIPSt6vectorIjSaIjEEmS2_S2_ET_S4_T0_RKT1_RSaIT2_E
FNDA:1,_ZSt24__uninitialized_fill_n_aIPSt6vectorIjSaIjEEmS2_S2_ET_S4_T0_RKT1_RSaIT2_E
FN:408,_ZSt24__uninitialized_fill_n_aIPjmjjET_S1_T0_RKT1_RSaIT2_E
FNDA:1,_ZSt24__uninitialized_fill_n_aIPjmjjET_S1_T0_RKT1_RSaIT2_E
DA:108,16
DA:110,16
DA:126,16
DA:145,16
DA:151,16
DA:230,1
DA:233,1
DA:236,17
DA:237,16
DA:238,1
DA:240,0
DA:242,0
DA:243,0
DA:253,1
DA:255,1
DA:273,1
DA:273,1
DA:293,2
DA:297,2
DA:331,16
DA:333,16
DA:408,1
DA:410,1
DA:408,1
DA:410,1
end_of_record
SF:/usr/include/c++/11/new
FN:174,_ZnwmPv
FNDA:0,_ZnwmPv
FN:180,_ZdlPvS_
FNDA:0,_ZdlPvS_
DA:174,0
DA:175,0
DA:180,0
end_of_record
SF:/home/lubuntu/Documents/github/xmake/csd-xmake/src/lcsre.cpp
FN:16,_ZN3csd26longest_repeated_substringB5cxx11EPKcm
FNDA:1,_ZN3csd26longest_repeated_substringB5cxx11EPKcm
DA:16,1
DA:18,2
DA:20,1
DA:23,1
DA:24,16
DA:25,120
DA:28,105
DA:29,31
DA:34,31
DA:35,7
DA:36,7
DA:37,7
DA:41,74
DA:50,1
DA:51,1
DA:52,8
DA:53,7
DA:57,2
DA:58,1
end_of_record
SF:/usr/include/c++/11/bits/allocator.h
FN:156,_ZNSaISt6vectorIjSaIjEEEC2Ev
FNDA:1,_ZNSaISt6vectorIjSaIjEEEC2Ev
FN:156,_ZNSaIjEC2Ev
FNDA:1,_ZNSaIjEC2Ev
FN:159,_ZNSaIjEC2ERKS_
FNDA:34,_ZNSaIjEC2ERKS_
FN:159,_ZNSaISt6vectorIjSaIjEEEC2ERKS2_
FNDA:2,_ZNSaISt6vectorIjSaIjEEEC2ERKS2_
FN:174,_ZNSaISt6vectorIjSaIjEEED2Ev
FNDA:3,_ZNSaISt6vectorIjSaIjEEED2Ev
FN:174,_ZNSaIjED2Ev
FNDA:35,_ZNSaIjED2Ev
DA:156,1
DA:156,1
DA:159,34
DA:160,34
DA:159,2
DA:160,2
DA:174,3
DA:174,35
end_of_record
SF:/usr/include/c++/11/bits/stl_iterator_base_types.h
FN:238,_ZSt19__iterator_categoryIPjENSt15iterator_traitsIT_E17iterator_categoryERKS2_
FNDA:1,_ZSt19__iterator_categoryIPjENSt15iterator_traitsIT_E17iterator_categoryERKS2_
FN:238,_ZSt19__iterator_categoryIPKcENSt15iterator_traitsIT_E17iterator_categoryERKS3_
FNDA:0,_ZSt19__iterator_categoryIPKcENSt15iterator_traitsIT_E17iterator_categoryERKS3_
DA:238,1
DA:239,1
DA:238,0
DA:239,0
end_of_record
SF:/usr/include/c++/11/bits/stl_iterator.h
FN:1010,_ZN9__gnu_cxx17__normal_iteratorIPKjSt6vectorIjSaIjEEEC2ERKS2_
FNDA:32,_ZN9__gnu_cxx17__normal_iteratorIPKjSt6vectorIjSaIjEEEC2ERKS2_
FN:1088,_ZNK9__gnu_cxx17__normal_iteratorIPKjSt6vectorIjSaIjEEE4baseEv
FNDA:32,_ZNK9__gnu_cxx17__normal_iteratorIPKjSt6vectorIjSaIjEEE4baseEv
FN:1257,_ZSt12__niter_baseIPKjSt6vectorIjSaIjEEET_N9__gnu_cxx17__normal_iteratorIS5_T0_EE
FNDA:32,_ZSt12__niter_baseIPKjSt6vectorIjSaIjEEET_N9__gnu_cxx17__normal_iteratorIS5_T0_EE
DA:1010,32
DA:1011,32
DA:1088,32
DA:1089,32
DA:1257,32
DA:1259,32
end_of_record
SF:/usr/include/c++/11/bits/basic_string.h
end_of_record
SF:/usr/include/c++/11/bits/char_traits.h
FN:393,_ZNSt11char_traitsIcE6lengthEPKc
FNDA:0,_ZNSt11char_traitsIcE6lengthEPKc
DA:393,0
DA:399,0
end_of_record
SF:/usr/include/c++/11/bits/stl_vector.h
FN:97,_ZNSt12_Vector_baseISt6vectorIjSaIjEESaIS2_EE17_Vector_impl_dataC2Ev
FNDA:1,_ZNSt12_Vector_baseISt6vectorIjSaIjEESaIS2_EE17_Vector_impl_dataC2Ev
FN:97,_ZNSt12_Vector_baseIjSaIjEE17_Vector_impl_dataC2Ev
FNDA:17,_ZNSt12_Vector_baseIjSaIjEE17_Vector_impl_dataC2Ev
FN:136,_ZNSt12_Vector_baseISt6vectorIjSaIjEESaIS2_EE12_Vector_implC2ERKS3_
FNDA:1,_ZNSt12_Vector_baseISt6vectorIjSaIjEESaIS2_EE12_Vector_implC2ERKS3_
FN:136,_ZNSt12_Vector_baseIjSaIjEE12_Vector_implC2ERKS0_
FNDA:17,_ZNSt12_Vector_baseIjSaIjEE12_Vector_implC2ERKS0_
FN:276,_ZNSt12_Vector_baseISt6vectorIjSaIjEESaIS2_EE19_M_get_Tp_allocatorEv
FNDA:2,_ZNSt12_Vector_baseISt6vectorIjSaIjEESaIS2_EE19_M_get_Tp_allocatorEv
FN:276,_ZNSt12_Vector_baseIjSaIjEE19_M_get_Tp_allocatorEv
FNDA:34,_ZNSt12_Vector_baseIjSaIjEE19_M_get_Tp_allocatorEv
FN:280,_ZNKSt12_Vector_baseIjSaIjEE19_M_get_Tp_allocatorEv
FNDA:16,_ZNKSt12_Vector_baseIjSaIjEE19_M_get_Tp_allocatorEv
FN:303,_ZNSt12_Vector_baseISt6vectorIjSaIjEESaIS2_EEC2EmRKS3_
FNDA:1,_ZNSt12_Vector_baseISt6vectorIjSaIjEESaIS2_EEC2EmRKS3_
FN:303,_ZNSt12_Vector_baseIjSaIjEEC2EmRKS0_
FNDA:17,_ZNSt12_Vector_baseIjSaIjEEC2EmRKS0_
FN:333,_ZNSt12_Vector_baseISt6vectorIjSaIjEESaIS2_EED2Ev
FNDA:1,_ZNSt12_Vector_baseISt6vectorIjSaIjEESaIS2_EED2Ev
FN:333,_ZNSt12_Vector_baseIjSaIjEED2Ev
FNDA:17,_ZNSt12_Vector_baseIjSaIjEED2Ev
FN:343,_ZNSt12_Vector_baseISt6vectorIjSaIjEESaIS2_EE11_M_allocateEm
FNDA:1,_ZNSt12_Vector_baseISt6vectorIjSaIjEESaIS2_EE11_M_allocateEm
FN:343,_ZNSt12_Vector_baseIjSaIjEE11_M_allocateEm
FNDA:17,_ZNSt12_Vector_baseIjSaIjEE11_M_allocateEm
FN:350,_ZNSt12_Vector_baseIjSaIjEE13_M_deallocateEPjm
FNDA:17,_ZNSt12_Vector_baseIjSaIjEE13_M_deallocateEPjm
FN:350,_ZNSt12_Vector_baseISt6vectorIjSaIjEESaIS2_EE13_M_deallocateEPS2_m
FNDA:1,_ZNSt12_Vector_baseISt6vectorIjSaIjEESaIS2_EE13_M_deallocateEPS2_m
FN:359,_ZNSt12_Vector_baseISt6vectorIjSaIjEESaIS2_EE17_M_create_storageEm
FNDA:1,_ZNSt12_Vector_baseISt6vectorIjSaIjEESaIS2_EE17_M_create_storageEm
FN:359,_ZNSt12_Vector_baseIjSaIjEE17_M_create_storageEm
FNDA:17,_ZNSt12_Vector_baseIjSaIjEE17_M_create_storageEm
FN:522,_ZNSt6vectorIjSaIjEEC2EmRKjRKS0_
FNDA:1,_ZNSt6vectorIjSaIjEEC2EmRKjRKS0_
FN:522,_ZNSt6vectorIS_IjSaIjEESaIS1_EEC2EmRKS1_RKS2_
FNDA:1,_ZNSt6vectorIS_IjSaIjEESaIS1_EEC2EmRKS1_RKS2_
FN:553,_ZNSt6vectorIjSaIjEEC2ERKS1_
FNDA:16,_ZNSt6vectorIjSaIjEEC2ERKS1_
FN:678,_ZNSt6vectorIS_IjSaIjEESaIS1_EED2Ev
FNDA:1,_ZNSt6vectorIS_IjSaIjEESaIS1_EED2Ev
FN:678,_ZNSt6vectorIjSaIjEED2Ev
FNDA:17,_ZNSt6vectorIjSaIjEED2Ev
FN:820,_ZNKSt6vectorIjSaIjEE5beginEv
FNDA:16,_ZNKSt6vectorIjSaIjEE5beginEv
FN:838,_ZNKSt6vectorIjSaIjEE3endEv
FNDA:16,_ZNKSt6vectorIjSaIjEE3endEv
FN:918,_ZNKSt6vectorIjSaIjEE4sizeEv
FNDA:16,_ZNKSt6vectorIjSaIjEE4sizeEv
FN:1043,_ZNSt6vectorIjSaIjEEixEm
FNDA:207,_ZNSt6vectorIjSaIjEEixEm
FN:1043,_ZNSt6vectorIS_IjSaIjEESaIS1_EEixEm
FNDA:207,_ZNSt6vectorIS_IjSaIjEESaIS1_EEixEm
FN:1593,_ZNSt6vectorIS_IjSaIjEESaIS1_EE18_M_fill_initializeEmRKS1_
FNDA:1,_ZNSt6vectorIS_IjSaIjEESaIS1_EE18_M_fill_initializeEmRKS1_
FN:1593,_ZNSt6vectorIjSaIjEE18_M_fill_initializeEmRKj
FNDA:1,_ZNSt6vectorIjSaIjEE18_M_fill_initializeEmRKj
FN:1767,_ZNSt6vectorIS_IjSaIjEESaIS1_EE17_S_check_init_lenEmRKS2_
FNDA:1,_ZNSt6vectorIS_IjSaIjEESaIS1_EE17_S_check_init_lenEmRKS2_
FN:1767,_ZNSt6vectorIjSaIjEE17_S_check_init_lenEmRKS0_
FNDA:1,_ZNSt6vectorIjSaIjEE17_S_check_init_lenEmRKS0_
FN:1776,_ZNSt6vectorIjSaIjEE11_S_max_sizeERKS0_
FNDA:1,_ZNSt6vectorIjSaIjEE11_S_max_sizeERKS0_
FN:1776,_ZNSt6vectorIS_IjSaIjEESaIS1_EE11_S_max_sizeERKS2_
FNDA:1,_ZNSt6vectorIS_IjSaIjEESaIS1_EE11_S_max_sizeERKS2_
DA:97,1
DA:98,1
DA:99,1
DA:97,17
DA:98,17
DA:99,17
DA:136,1
DA:137,1
DA:138,1
DA:136,17
DA:137,17
DA:138,17
DA:276,2
DA:277,2
DA:276,34
DA:277,34
DA:280,16
DA:281,16
DA:303,1
DA:304,1
DA:305,1
DA:303,17
DA:304,17
DA:305,17
DA:333,17
DA:335,17
DA:336,17
DA:337,17
DA:333,1
DA:335,1
DA:336,1
DA:337,1
DA:343,1
DA:346,1
DA:343,17
DA:346,17
DA:350,17
DA:353,17
DA:354,17
DA:355,17
DA:350,1
DA:353,1
DA:354,1
DA:355,1
DA:359,1
DA:361,1
DA:362,1
DA:363,1
DA:364,1
DA:359,17
DA:361,17
DA:362,17
DA:363,17
DA:364,17
DA:522,1
DA:524,1
DA:525,1
DA:522,1
DA:524,1
DA:525,1
DA:553,16
DA:555,16
DA:557,16
DA:558,16
DA:560,16
DA:561,16
DA:678,1
DA:680,1
DA:681,1
DA:683,1
DA:678,17
DA:680,17
DA:681,17
DA:683,17
DA:820,16
DA:821,16
DA:838,16
DA:839,16
DA:918,16
DA:919,16
DA:1043,207
DA:1046,207
DA:1043,207
DA:1046,207
DA:1593,1
DA:1595,1
DA:1596,1
DA:1597,1
DA:1598,1
DA:1593,1
DA:1595,1
DA:1596,1
DA:1597,1
DA:1598,1
DA:1767,1
DA:1769,1
DA:1770,0
DA:1772,1
DA:1767,1
DA:1769,1
DA:1770,0
DA:1772,1
DA:1776,1
DA:1781,1
DA:1783,1
DA:1784,1
DA:1776,1
DA:1781,1
DA:1783,1
DA:1784,1
end_of_record
SF:/usr/include/c++/11/ext/type_traits.h
FN:152,_ZN9__gnu_cxx17__is_null_pointerIKcEEbPT_
FNDA:0,_ZN9__gnu_cxx17__is_null_pointerIKcEEbPT_
DA:152,0
DA:153,0
end_of_record
SF:/usr/include/c++/11/bits/move.h
FN:49,_ZSt11__addressofISt6vectorIjSaIjEEEPT_RS3_
FNDA:32,_ZSt11__addressofISt6vectorIjSaIjEEEPT_RS3_
FN:77,_ZSt7forwardIRKSt6vectorIjSaIjEEEOT_RNSt16remove_referenceIS5_E4typeE
FNDA:16,_ZSt7forwardIRKSt6vectorIjSaIjEEEOT_RNSt16remove_referenceIS5_E4typeE
DA:49,32
DA:50,32
DA:77,16
DA:78,16
end_of_record
SF:/usr/include/c++/11/bits/stl_algobase.h
FN:230,_ZSt3minImERKT_S2_S2_
FNDA:0,_ZSt3minImERKT_S2_S2_
FN:313,_ZSt12__niter_baseIPjET_S1_
FNDA:16,_ZSt12__niter_baseIPjET_S1_
FN:335,_ZSt12__niter_wrapIPjET_RKS1_S1_
FNDA:16,_ZSt12__niter_wrapIPjET_RKS1_S1_
FN:420,_ZNSt11__copy_moveILb0ELb1ESt26random_access_iterator_tagE8__copy_mIjEEPT_PKS3_S6_S4_
FNDA:16,_ZNSt11__copy_moveILb0ELb1ESt26random_access_iterator_tagE8__copy_mIjEEPT_PKS3_S6_S4_
FN:486,_ZSt14__copy_move_a2ILb0EPKjPjET1_T0_S4_S3_
FNDA:16,_ZSt14__copy_move_a2ILb0EPKjPjET1_T0_S4_S3_
FN:521,_ZSt14__copy_move_a1ILb0EPKjPjET1_T0_S4_S3_
FNDA:16,_ZSt14__copy_move_a1ILb0EPKjPjET1_T0_S4_S3_
FN:527,_ZSt13__copy_move_aILb0EN9__gnu_cxx17__normal_iteratorIPKjSt6vectorIjSaIjEEEEPjET1_T0_SA_S9_
FNDA:16,_ZSt13__copy_move_aILb0EN9__gnu_cxx17__normal_iteratorIPKjSt6vectorIjSaIjEEEEPjET1_T0_SA_S9_
FN:611,_ZSt4copyIN9__gnu_cxx17__normal_iteratorIPKjSt6vectorIjSaIjEEEEPjET0_T_SA_S9_
FNDA:16,_ZSt4copyIN9__gnu_cxx17__normal_iteratorIPKjSt6vectorIjSaIjEEEEPjET0_T_SA_S9_
FN:919,_ZSt9__fill_a1IPjjEN9__gnu_cxx11__enable_ifIXsrSt11__is_scalarIT0_E7__valueEvE6__typeET_S8_RKS4_
FNDA:1,_ZSt9__fill_a1IPjjEN9__gnu_cxx11__enable_ifIXsrSt11__is_scalarIT0_E7__valueEvE6__typeET_S8_RKS4_
FN:968,_ZSt8__fill_aIPjjEvT_S1_RKT0_
FNDA:1,_ZSt8__fill_aIPjjEvT_S1_RKT0_
FN:1010,_ZSt17__size_to_integerm
FNDA:1,_ZSt17__size_to_integerm
FN:1109,_ZSt10__fill_n_aIPjmjET_S1_T0_RKT1_St26random_access_iterator_tag
FNDA:1,_ZSt10__fill_n_aIPjmjET_S1_T0_RKT1_St26random_access_iterator_tag
FN:1144,_ZSt6fill_nIPjmjET_S1_T0_RKT1_
FNDA:1,_ZSt6fill_nIPjmjET_S1_T0_RKT1_
DA:230,0
DA:235,0
DA:236,0
DA:237,0
DA:313,16
DA:315,16
DA:335,16
DA:336,16
DA:420,16
DA:429,16
DA:430,16
DA:431,16
DA:432,16
DA:486,16
DA:495,16
DA:521,16
DA:522,16
DA:527,16
DA:529,16
DA:532,16
DA:611,16
DA:620,16
DA:919,1
DA:922,1
DA:923,17
DA:924,16
DA:925,1
DA:968,1
DA:969,1
DA:1010,1
DA:1109,1
DA:1115,1
DA:1116,0
DA:1120,1
DA:1121,1
DA:1144,1
DA:1149,1
DA:1150,2
end_of_record
SF:/usr/include/c++/11/ext/new_allocator.h
FN:79,_ZN9__gnu_cxx13new_allocatorISt6vectorIjSaIjEEEC2Ev
FNDA:1,_ZN9__gnu_cxx13new_allocatorISt6vectorIjSaIjEEEC2Ev
FN:79,_ZN9__gnu_cxx13new_allocatorIjEC2Ev
FNDA:1,_ZN9__gnu_cxx13new_allocatorIjEC2Ev
FN:79,_ZN9__gnu_cxx13new_allocatorIcEC2Ev
FNDA:0,_ZN9__gnu_cxx13new_allocatorIcEC2Ev
FN:82,_ZN9__gnu_cxx13new_allocatorIjEC2ERKS1_
FNDA:34,_ZN9__gnu_cxx13new_allocatorIjEC2ERKS1_
FN:82,_ZN9__gnu_cxx13new_allocatorISt6vectorIjSaIjEEEC2ERKS4_
FNDA:2,_ZN9__gnu_cxx13new_allocatorISt6vectorIjSaIjEEEC2ERKS4_
FN:89,_ZN9__gnu_cxx13new_allocatorISt6vectorIjSaIjEEED2Ev
FNDA:3,_ZN9__gnu_cxx13new_allocatorISt6vectorIjSaIjEEED2Ev
FN:89,_ZN9__gnu_cxx13new_allocatorIjED2Ev
FNDA:35,_ZN9__gnu_cxx13new_allocatorIjED2Ev
FN:89,_ZN9__gnu_cxx13new_allocatorIcED2Ev
FNDA:0,_ZN9__gnu_cxx13new_allocatorIcED2Ev
FN:103,_ZN9__gnu_cxx13new_allocatorISt6vectorIjSaIjEEE8allocateEmPKv
FNDA:1,_ZN9__gnu_cxx13new_allocatorISt6vectorIjSaIjEEE8allocateEmPKv
FN:103,_ZN9__gnu_cxx13new_allocatorIjE8allocateEmPKv
FNDA:17,_ZN9__gnu_cxx13new_allocatorIjE8allocateEmPKv
FN:132,_ZN9__gnu_cxx13new_allocatorIjE10deallocateEPjm
FNDA:17,_ZN9__gnu_cxx13new_allocatorIjE10deallocateEPjm
FN:132,_ZN9__gnu_cxx13new_allocatorISt6vectorIjSaIjEEE10deallocateEPS3_m
FNDA:1,_ZN9__gnu_cxx13new_allocatorISt6vectorIjSaIjEEE10deallocateEPS3_m
FN:154,_ZNK9__gnu_cxx13new_allocatorISt6vectorIjSaIjEEE8max_sizeEv
FNDA:1,_ZNK9__gnu_cxx13new_allocatorISt6vectorIjSaIjEEE8max_sizeEv
FN:154,_ZNK9__gnu_cxx13new_allocatorIjE8max_sizeEv
FNDA:1,_ZNK9__gnu_cxx13new_allocatorIjE8max_sizeEv
FN:197,_ZNK9__gnu_cxx13new_allocatorISt6vectorIjSaIjEEE11_M_max_sizeEv
FNDA:2,_ZNK9__gnu_cxx13new_allocatorISt6vectorIjSaIjEEE11_M_max_sizeEv
FN:197,_ZNK9__gnu_cxx13new_allocatorIjE11_M_max_sizeEv
FNDA:18,_ZNK9__gnu_cxx13new_allocatorIjE11_M_max_sizeEv
DA:79,1
DA:79,1
DA:79,0
DA:82,34
DA:82,2
DA:89,3
DA:89,35
DA:89,0
DA:103,1
DA:103,17
DA:111,18
DA:115,0
DA:116,0
DA:117,0
DA:127,18
DA:132,17
DA:132,1
DA:145,18
DA:150,18
DA:154,1
DA:155,1
DA:154,1
DA:155,1
DA:197,2
DA:200,2
DA:197,18
DA:200,18
end_of_record
SF:/usr/include/c++/11/bits/alloc_traits.h
FN:463,_ZNSt16allocator_traitsISaISt6vectorIjSaIjEEEE8allocateERS3_m
FNDA:1,_ZNSt16allocator_traitsISaISt6vectorIjSaIjEEEE8allocateERS3_m
FN:463,_ZNSt16allocator_traitsISaIjEE8allocateERS0_m
FNDA:17,_ZNSt16allocator_traitsISaIjEE8allocateERS0_m
FN:495,_ZNSt16allocator_traitsISaIjEE10deallocateERS0_Pjm
FNDA:17,_ZNSt16allocator_traitsISaIjEE10deallocateERS0_Pjm
FN:495,_ZNSt16allocator_traitsISaISt6vectorIjSaIjEEEE10deallocateERS3_PS2_m
FNDA:1,_ZNSt16allocator_traitsISaISt6vectorIjSaIjEEEE10deallocateERS3_PS2_m
FN:547,_ZNSt16allocator_traitsISaISt6vectorIjSaIjEEEE8max_sizeERKS3_
FNDA:1,_ZNSt16allocator_traitsISaISt6vectorIjSaIjEEEE8max_sizeERKS3_
FN:547,_ZNSt16allocator_traitsISaIjEE8max_sizeERKS0_
FNDA:1,_ZNSt16allocator_traitsISaIjEE8max_sizeERKS0_
FN:562,_ZNSt16allocator_traitsISaIjEE37select_on_container_copy_constructionERKS0_
FNDA:16,_ZNSt16allocator_traitsISaIjEE37select_on_container_copy_constructionERKS0_
FN:845,_ZSt8_DestroyIPSt6vectorIjSaIjEES2_EvT_S4_RSaIT0_E
FNDA:1,_ZSt8_DestroyIPSt6vectorIjSaIjEES2_EvT_S4_RSaIT0_E
FN:845,_ZSt8_DestroyIPjjEvT_S1_RSaIT0_E
FNDA:17,_ZSt8_DestroyIPjjEvT_S1_RSaIT0_E
DA:463,1
DA:464,1
DA:463,17
DA:464,17
DA:495,17
DA:496,17
DA:495,1
DA:496,1
DA:547,1
DA:550,1
DA:547,1
DA:550,1
DA:562,16
DA:563,16
DA:845,1
DA:848,1
DA:849,1
DA:845,17
DA:848,17
DA:849,17
end_of_record
SF:/usr/include/c++/11/bits/stl_construct.h
FN:109,_ZSt10_ConstructISt6vectorIjSaIjEEJRKS2_EEvPT_DpOT0_
FNDA:16,_ZSt10_ConstructISt6vectorIjSaIjEEJRKS2_EEvPT_DpOT0_
FN:146,_ZSt8_DestroyISt6vectorIjSaIjEEEvPT_
FNDA:16,_ZSt8_DestroyISt6vectorIjSaIjEEEvPT_
FN:160,_ZNSt12_Destroy_auxILb0EE9__destroyIPSt6vectorIjSaIjEEEEvT_S6_
FNDA:1,_ZNSt12_Destroy_auxILb0EE9__destroyIPSt6vectorIjSaIjEEEEvT_S6_
FN:172,_ZNSt12_Destroy_auxILb1EE9__destroyIPjEEvT_S3_
FNDA:17,_ZNSt12_Destroy_auxILb1EE9__destroyIPjEEvT_S3_
FN:182,_ZSt8_DestroyIPSt6vectorIjSaIjEEEvT_S4_
FNDA:1,_ZSt8_DestroyIPSt6vectorIjSaIjEEEvT_S4_
FN:182,_ZSt8_DestroyIPjEvT_S1_
FNDA:17,_ZSt8_DestroyIPjEvT_S1_
DA:109,16
DA:119,16
DA:120,16
DA:146,16
DA:151,16
DA:153,16
DA:160,1
DA:162,17
DA:163,16
DA:164,1
DA:172,17
DA:182,1
DA:196,1
DA:197,1
DA:182,17
DA:196,17
DA:197,17
end_of_record
SF:/usr/include/c++/11/ext/alloc_traits.h
FN:97,_ZN9__gnu_cxx14__alloc_traitsISaIjEjE17_S_select_on_copyERKS1_
FNDA:16,_ZN9__gnu_cxx14__alloc_traitsISaIjEjE17_S_select_on_copyERKS1_
DA:97,16
DA:98,16
end_of_record
TN:test
SF:/home/lubuntu/Documents/github/xmake/csd-xmake/src/csd.cpp
FN:41,_ZN3csd6to_csdB5cxx11Edi
FNDA:3,_ZN3csd6to_csdB5cxx11Edi
FN:87,_ZN3csd8to_csd_iB5cxx11Ei
FNDA:1,_ZN3csd8to_csd_iB5cxx11Ei
FN:116,_ZN3csd23to_decimal_using_switchEPKc
FNDA:6511331,_ZN3csd23to_decimal_using_switchEPKc
FN:151,_ZN3csd10to_decimalEPKc
FNDA:6166241,_ZN3csd10to_decimalEPKc
FN:184,_ZN3csd11to_csdfixedB5cxx11Edj
FNDA:2,_ZN3csd11to_csdfixedB5cxx11Edj
DA:41,3
DA:42,3
DA:43,0
DA:45,3
DA:46,3
DA:47,3
DA:48,3
DA:49,2
DA:50,2
DA:53,3
DA:54,3
DA:55,21
DA:56,18
DA:57,3
DA:59,18
DA:60,18
DA:61,18
DA:62,4
DA:63,4
DA:65,14
DA:66,3
DA:67,3
DA:69,11
DA:73,3
DA:74,3
DA:87,1
DA:88,1
DA:89,0
DA:91,1
DA:92,1
DA:93,7
DA:94,6
DA:95,6
DA:96,6
DA:97,1
DA:98,1
DA:99,5
DA:100,1
DA:101,1
DA:103,4
DA:105,6
DA:107,1
DA:108,1
DA:116,6511331
DA:118,6511331
DA:119,6511331
DA:120,182317268
DA:121,175805937
DA:122,91158634
DA:123,91158634
DA:124,91158634
DA:125,58601979
DA:126,58601979
DA:127,58601979
DA:128,19533993
DA:129,19533993
DA:130,19533993
DA:131,6511331
DA:132,6511331
DA:133,6511331
DA:134,0
DA:136,0
DA:139,6511331
DA:140,6511331
DA:142,6511331
DA:151,6166241
DA:153,6166241
DA:154,6166241
DA:155,166488443
DA:156,172654684
DA:157,172654684
DA:158,86327341
DA:159,86327343
DA:160,55496145
DA:161,30831198
DA:162,18498717
DA:163,12332481
DA:164,6166240
DA:165,6166241
DA:166,6166241
DA:170,166488443
DA:171,6166241
DA:172,6166240
DA:174,6166241
DA:184,2
DA:185,2
DA:186,0
DA:188,2
DA:189,2
DA:190,2
DA:191,2
DA:192,1
DA:193,1
DA:196,2
DA:197,10
DA:198,8
DA:199,2
DA:201,8
DA:202,8
DA:203,8
DA:204,2
DA:205,2
DA:206,2
DA:208,6
DA:209,2
DA:210,2
DA:211,2
DA:213,4
DA:216,8
DA:217,0
DA:220,2
DA:221,2
end_of_record
SF:/usr/include/c++/11/bits/stl_iterator_base_types.h
FN:238,_ZSt19__iterator_categoryIPKcENSt15iterator_traitsIT_E17iterator_categoryERKS3_
FNDA:0,_ZSt19__iterator_categoryIPKcENSt15iterator_traitsIT_E17iterator_categoryERKS3_
DA:238,0
DA:239,0
end_of_record
SF:/usr/include/c++/11/bits/basic_string.tcc
FN:206,_ZNSt7__cxx1112basic_stringIcSt11char_traitsIcESaIcEE12_M_constructIPKcEEvT_S8_St20forward_iterator_tag
FNDA:0,_ZNSt7__cxx1112basic_stringIcSt11char_traitsIcESaIcEE12_M_constructIPKcEEvT_S8_St20forward_iterator_tag
DA:206,0
DA:211,0
DA:212,0
DA:215,0
DA:217,0
DA:219,0
DA:220,0
DA:225,0
DA:226,0
DA:228,0
DA:229,0
DA:232,0
DA:233,0
end_of_record
SF:/usr/include/c++/11/bits/stl_iterator_base_funcs.h
FN:98,_ZSt10__distanceIPKcENSt15iterator_traitsIT_E15difference_typeES3_S3_St26random_access_iterator_tag
FNDA:0,_ZSt10__distanceIPKcENSt15iterator_traitsIT_E15difference_typeES3_S3_St26random_access_iterator_tag
FN:138,_ZSt8distanceIPKcENSt15iterator_traitsIT_E15difference_typeES3_S3_
FNDA:0,_ZSt8distanceIPKcENSt15iterator_traitsIT_E15difference_typeES3_S3_
DA:98,0
DA:104,0
DA:138,0
DA:141,0
DA:142,0
end_of_record
SF:/usr/include/c++/11/cmath
FN:415,_ZSt3powIdlEN9__gnu_cxx11__promote_2IT_T0_NS0_9__promoteIS2_XsrSt12__is_integerIS2_E7__valueEE6__typeENS4_IS3_XsrS5_IS3_E7__valueEE6__typeEE6__typeES2_S3_
FNDA:12677571,_ZSt3powIdlEN9__gnu_cxx11__promote_2IT_T0_NS0_9__promoteIS2_XsrSt12__is_integerIS2_E7__valueEE6__typeENS4_IS3_XsrS5_IS3_E7__valueEE6__typeEE6__typeES2_S3_
FN:415,_ZSt3powIdiEN9__gnu_cxx11__promote_2IT_T0_NS0_9__promoteIS2_XsrSt12__is_integerIS2_E7__valueEE6__typeENS4_IS3_XsrS5_IS3_E7__valueEE6__typeEE6__typeES2_S3_
FNDA:3,_ZSt3powIdiEN9__gnu_cxx11__promote_2IT_T0_NS0_9__promoteIS2_XsrSt12__is_integerIS2_E7__valueEE6__typeENS4_IS3_XsrS5_IS3_E7__valueEE6__typeEE6__typeES2_S3_
DA:415,12677571
DA:418,12677571
DA:415,3
DA:418,3
end_of_record
SF:/usr/include/c++/11/ext/new_allocator.h
FN:79,_ZN9__gnu_cxx13new_allocatorIcEC2Ev
FNDA:0,_ZN9__gnu_cxx13new_allocatorIcEC2Ev
FN:89,_ZN9__gnu_cxx13new_allocatorIcED2Ev
FNDA:0,_ZN9__gnu_cxx13new_allocatorIcED2Ev
DA:79,0
DA:89,0
end_of_record
SF:/usr/include/c++/11/bits/move.h
FN:104,_ZSt4moveIRSaIcEEONSt16remove_referenceIT_E4typeEOS3_
FNDA:0,_ZSt4moveIRSaIcEEONSt16remove_referenceIT_E4typeEOS3_
DA:104,0
DA:105,0
end_of_record
SF:/usr/include/c++/11/ext/type_traits.h
FN:152,_ZN9__gnu_cxx17__is_null_pointerIKcEEbPT_
FNDA:0,_ZN9__gnu_cxx17__is_null_pointerIKcEEbPT_
DA:152,0
DA:153,0
end_of_record
SF:/usr/include/c++/11/bits/char_traits.h
FN:393,_ZNSt11char_traitsIcE6lengthEPKc
FNDA:0,_ZNSt11char_traitsIcE6lengthEPKc
FN:429,_ZNSt11char_traitsIcE4copyEPcPKcm
FNDA:0,_ZNSt11char_traitsIcE4copyEPcPKcm
DA:393,0
DA:399,0
DA:429,0
DA:431,0
DA:432,0
DA:437,0
end_of_record
SF:/usr/include/c++/11/bits/basic_string.h
end_of_record
TN:test
SF:/usr/include/c++/11/new
FN:174,_ZnwmPv
FNDA:51,_ZnwmPv
FN:180,_ZdlPvS_
FNDA:0,_ZdlPvS_
DA:174,51
DA:175,51
DA:180,0
end_of_record
SF:/usr/include/c++/11/bits/postypes.h
FN:211,_ZNKSt4fposI11__mbstate_tEmiERKS1_
FNDA:0,_ZNKSt4fposI11__mbstate_tEmiERKS1_
DA:211,0
DA:212,0
end_of_record
SF:/usr/include/c++/11/bits/cpp_type_traits.h
FN:560,_ZSt12__miter_baseIPPKN7doctest12TestCaseDataEET_S5_
FNDA:0,_ZSt12__miter_baseIPPKN7doctest12TestCaseDataEET_S5_
FN:560,_ZSt12__miter_baseIPPKN7doctest6detail8TestCaseEET_S6_
FNDA:0,_ZSt12__miter_baseIPPKN7doctest6detail8TestCaseEET_S6_
FN:560,_ZSt12__miter_baseIPPN7doctest13IContextScopeEET_S4_
FNDA:0,_ZSt12__miter_baseIPPN7doctest13IContextScopeEET_S4_
FN:560,_ZSt12__miter_baseIPPKN7doctest6detail20IExceptionTranslatorEET_S6_
FNDA:0,_ZSt12__miter_baseIPPKN7doctest6detail20IExceptionTranslatorEET_S6_
FN:560,_ZSt12__miter_baseIN9__gnu_cxx17__normal_iteratorIPPKN7doctest6detail8TestCaseESt6vectorIS6_SaIS6_EEEEET_SC_
FNDA:0,_ZSt12__miter_baseIN9__gnu_cxx17__normal_iteratorIPPKN7doctest6detail8TestCaseESt6vectorIS6_SaIS6_EEEEET_SC_
FN:560,_ZSt12__miter_baseIPPN7doctest9IReporterEET_S4_
FNDA:0,_ZSt12__miter_baseIPPN7doctest9IReporterEET_S4_
FN:560,_ZSt12__miter_baseIN9__gnu_cxx17__normal_iteratorIPN7doctest16SubcaseSignatureESt6vectorIS3_SaIS3_EEEEET_S9_
FNDA:0,_ZSt12__miter_baseIN9__gnu_cxx17__normal_iteratorIPN7doctest16SubcaseSignatureESt6vectorIS3_SaIS3_EEEEET_S9_
FN:560,_ZSt12__miter_baseIPN7doctest16SubcaseSignatureEET_S3_
FNDA:0,_ZSt12__miter_baseIPN7doctest16SubcaseSignatureEET_S3_
DA:560,0
DA:561,0
DA:560,0
DA:561,0
DA:560,0
DA:561,0
DA:560,0
DA:561,0
DA:560,0
DA:561,0
DA:560,0
DA:561,0
DA:560,0
DA:561,0
DA:560,0
DA:561,0
end_of_record
SF:/usr/include/c++/11/bits/basic_string.tcc
FN:206,_ZNSt7__cxx1112basic_stringIcSt11char_traitsIcESaIcEE12_M_constructIPcEEvT_S7_St20forward_iterator_tag
FNDA:0,_ZNSt7__cxx1112basic_stringIcSt11char_traitsIcESaIcEE12_M_constructIPcEEvT_S7_St20forward_iterator_tag
FN:206,_ZNSt7__cxx1112basic_stringIcSt11char_traitsIcESaIcEE12_M_constructIPKcEEvT_S8_St20forward_iterator_tag
FNDA:0,_ZNSt7__cxx1112basic_stringIcSt11char_traitsIcESaIcEE12_M_constructIPKcEEvT_S8_St20forward_iterator_tag
DA:206,0
DA:211,0
DA:212,0
DA:215,0
DA:217,0
DA:219,0
DA:220,0
DA:225,0
DA:226,0
DA:228,0
DA:229,0
DA:232,0
DA:233,0
DA:206,0
DA:211,0
DA:212,0
DA:215,0
DA:217,0
DA:219,0
DA:220,0
DA:225,0
DA:226,0
DA:228,0
DA:229,0
DA:232,0
DA:233,0
end_of_record
SF:/usr/include/c++/11/bits/stl_uninitialized.h
FN:85,_ZNSt20__uninitialized_copyILb0EE13__uninit_copyISt13move_iteratorIPN7doctest16SubcaseSignatureEES5_EET0_T_S8_S7_
FNDA:0,_ZNSt20__uninitialized_copyILb0EE13__uninit_copyISt13move_iteratorIPN7doctest16SubcaseSignatureEES5_EET0_T_S8_S7_
FN:85,_ZNSt20__uninitialized_copyILb0EE13__uninit_copyIN9__gnu_cxx17__normal_iteratorIPN7doctest16SubcaseSignatureESt6vectorIS5_SaIS5_EEEES6_EET0_T_SC_SB_
FNDA:0,_ZNSt20__uninitialized_copyILb0EE13__uninit_copyIN9__gnu_cxx17__normal_iteratorIPN7doctest16SubcaseSignatureESt6vectorIS5_SaIS5_EEEES6_EET0_T_SC_SB_
FN:85,_ZNSt20__uninitialized_copyILb0EE13__uninit_copyISt13move_iteratorIPN7doctest6StringEES5_EET0_T_S8_S7_
FNDA:0,_ZNSt20__uninitialized_copyILb0EE13__uninit_copyISt13move_iteratorIPN7doctest6StringEES5_EET0_T_S8_S7_
FN:85,_ZNSt20__uninitialized_copyILb0EE13__uninit_copyISt13move_iteratorIPN7doctest12_GLOBAL__N_113JUnitReporter17JUnitTestCaseData16JUnitTestMessageEES8_EET0_T_SB_SA_
FNDA:0,_ZNSt20__uninitialized_copyILb0EE13__uninit_copyISt13move_iteratorIPN7doctest12_GLOBAL__N_113JUnitReporter17JUnitTestCaseData16JUnitTestMessageEES8_EET0_T_SB_SA_
FN:85,_ZNSt20__uninitialized_copyILb0EE13__uninit_copyIN9__gnu_cxx17__normal_iteratorIPKN7doctest6StringESt6vectorIS5_SaIS5_EEEEPS5_EET0_T_SE_SD_
FNDA:0,_ZNSt20__uninitialized_copyILb0EE13__uninit_copyIN9__gnu_cxx17__normal_iteratorIPKN7doctest6StringESt6vectorIS5_SaIS5_EEEEPS5_EET0_T_SE_SD_
FN:85,_ZNSt20__uninitialized_copyILb0EE13__uninit_copyISt13move_iteratorIPNSt7__cxx1112basic_stringIcSt11char_traitsIcESaIcEEEES9_EET0_T_SC_SB_
FNDA:0,_ZNSt20__uninitialized_copyILb0EE13__uninit_copyISt13move_iteratorIPNSt7__cxx1112basic_stringIcSt11char_traitsIcESaIcEEEES9_EET0_T_SC_SB_
FN:85,_ZNSt20__uninitialized_copyILb0EE13__uninit_copyISt13move_iteratorIPSt4fposI11__mbstate_tEES6_EET0_T_S9_S8_
FNDA:0,_ZNSt20__uninitialized_copyILb0EE13__uninit_copyISt13move_iteratorIPSt4fposI11__mbstate_tEES6_EET0_T_S9_S8_
FN:85,_ZNSt20__uninitialized_copyILb0EE13__uninit_copyISt13move_iteratorIPN7doctest12_GLOBAL__N_113JUnitReporter17JUnitTestCaseData13JUnitTestCaseEES8_EET0_T_SB_SA_
FNDA:0,_ZNSt20__uninitialized_copyILb0EE13__uninit_copyISt13move_iteratorIPN7doctest12_GLOBAL__N_113JUnitReporter17JUnitTestCaseData13JUnitTestCaseEES8_EET0_T_SB_SA_
FN:108,_ZNSt20__uninitialized_copyILb1EE13__uninit_copyISt13move_iteratorIPPKN7doctest12TestCaseDataEES7_EET0_T_SA_S9_
FNDA:0,_ZNSt20__uninitialized_copyILb1EE13__uninit_copyISt13move_iteratorIPPKN7doctest12TestCaseDataEES7_EET0_T_SA_S9_
FN:108,_ZNSt20__uninitialized_copyILb1EE13__uninit_copyISt13move_iteratorIPPKN7doctest6detail8TestCaseEES8_EET0_T_SB_SA_
FNDA:0,_ZNSt20__uninitialized_copyILb1EE13__uninit_copyISt13move_iteratorIPPKN7doctest6detail8TestCaseEES8_EET0_T_SB_SA_
FN:108,_ZNSt20__uninitialized_copyILb1EE13__uninit_copyISt13move_iteratorIPPN7doctest9IReporterEES6_EET0_T_S9_S8_
FNDA:0,_ZNSt20__uninitialized_copyILb1EE13__uninit_copyISt13move_iteratorIPPN7doctest9IReporterEES6_EET0_T_S9_S8_
FN:108,_ZNSt20__uninitialized_copyILb1EE13__uninit_copyISt13move_iteratorIPPKN7doctest6detail20IExceptionTranslatorEES8_EET0_T_SB_SA_
FNDA:0,_ZNSt20__uninitialized_copyILb1EE13__uninit_copyISt13move_iteratorIPPKN7doctest6detail20IExceptionTranslatorEES8_EET0_T_SB_SA_
FN:108,_ZNSt20__uninitialized_copyILb1EE13__uninit_copyISt13move_iteratorIPPN7doctest13IContextScopeEES6_EET0_T_S9_S8_
FNDA:0,_ZNSt20__uninitialized_copyILb1EE13__uninit_copyISt13move_iteratorIPPN7doctest13IContextScopeEES6_EET0_T_S9_S8_
FN:126,_ZSt18uninitialized_copyISt13move_iteratorIPPKN7doctest6detail20IExceptionTranslatorEES6_ET0_T_S9_S8_
FNDA:0,_ZSt18uninitialized_copyISt13move_iteratorIPPKN7doctest6detail20IExceptionTranslatorEES6_ET0_T_S9_S8_
FN:126,_ZSt18uninitialized_copyIN9__gnu_cxx17__normal_iteratorIPN7doctest16SubcaseSignatureESt6vectorIS3_SaIS3_EEEES4_ET0_T_SA_S9_
FNDA:0,_ZSt18uninitialized_copyIN9__gnu_cxx17__normal_iteratorIPN7doctest16SubcaseSignatureESt6vectorIS3_SaIS3_EEEES4_ET0_T_SA_S9_
FN:126,_ZSt18uninitialized_copyISt13move_iteratorIPNSt7__cxx1112basic_stringIcSt11char_traitsIcESaIcEEEES7_ET0_T_SA_S9_
FNDA:0,_ZSt18uninitialized_copyISt13move_iteratorIPNSt7__cxx1112basic_stringIcSt11char_traitsIcESaIcEEEES7_ET0_T_SA_S9_
FN:126,_ZSt18uninitialized_copyISt13move_iteratorIPN7doctest12_GLOBAL__N_113JUnitReporter17JUnitTestCaseData13JUnitTestCaseEES6_ET0_T_S9_S8_
FNDA:0,_ZSt18uninitialized_copyISt13move_iteratorIPN7doctest12_GLOBAL__N_113JUnitReporter17JUnitTestCaseData13JUnitTestCaseEES6_ET0_T_S9_S8_
FN:126,_ZSt18uninitialized_copyISt13move_iteratorIPN7doctest12_GLOBAL__N_113JUnitReporter17JUnitTestCaseData16JUnitTestMessageEES6_ET0_T_S9_S8_
FNDA:0,_ZSt18uninitialized_copyISt13move_iteratorIPN7doctest12_GLOBAL__N_113JUnitReporter17JUnitTestCaseData16JUnitTestMessageEES6_ET0_T_S9_S8_
FN:126,_ZSt18uninitialized_copyISt13move_iteratorIPPN7doctest13IContextScopeEES4_ET0_T_S7_S6_
FNDA:0,_ZSt18uninitialized_copyISt13move_iteratorIPPN7doctest13IContextScopeEES4_ET0_T_S7_S6_
FN:126,_ZSt18uninitialized_copyISt13move_iteratorIPN7doctest6StringEES3_ET0_T_S6_S5_
FNDA:0,_ZSt18uninitialized_copyISt13move_iteratorIPN7doctest6StringEES3_ET0_T_S6_S5_
FN:126,_ZSt18uninitialized_copyISt13move_iteratorIPSt4fposI11__mbstate_tEES4_ET0_T_S7_S6_
FNDA:0,_ZSt18uninitialized_copyISt13move_iteratorIPSt4fposI11__mbstate_tEES4_ET0_T_S7_S6_
FN:126,_ZSt18uninitialized_copyIN9__gnu_cxx17__normal_iteratorIPKN7doctest6StringESt6vectorIS3_SaIS3_EEEEPS3_ET0_T_SC_SB_
FNDA:0,_ZSt18uninitialized_copyIN9__gnu_cxx17__normal_iteratorIPKN7doctest6StringESt6vectorIS3_SaIS3_EEEEPS3_ET0_T_SC_SB_
FN:126,_ZSt18uninitialized_copyISt13move_iteratorIPPKN7doctest6detail8TestCaseEES6_ET0_T_S9_S8_
FNDA:0,_ZSt18uninitialized_copyISt13move_iteratorIPPKN7doctest6detail8TestCaseEES6_ET0_T_S9_S8_
FN:126,_ZSt18uninitialized_copyISt13move_iteratorIPN7doctest16SubcaseSignatureEES3_ET0_T_S6_S5_
FNDA:0,_ZSt18uninitialized_copyISt13move_iteratorIPN7doctest16SubcaseSignatureEES3_ET0_T_S6_S5_
FN:126,_ZSt18uninitialized_copyISt13move_iteratorIPPKN7doctest12TestCaseDataEES5_ET0_T_S8_S7_
FNDA:0,_ZSt18uninitialized_copyISt13move_iteratorIPPKN7doctest12TestCaseDataEES5_ET0_T_S8_S7_
FN:126,_ZSt18uninitialized_copyISt13move_iteratorIPPN7doctest9IReporterEES4_ET0_T_S7_S6_
FNDA:0,_ZSt18uninitialized_copyISt13move_iteratorIPPN7doctest9IReporterEES4_ET0_T_S7_S6_
FN:331,_ZSt22__uninitialized_copy_aISt13move_iteratorIPN7doctest12_GLOBAL__N_113JUnitReporter17JUnitTestCaseData13JUnitTestCaseEES6_S5_ET0_T_S9_S8_RSaIT1_E
FNDA:0,_ZSt22__uninitialized_copy_aISt13move_iteratorIPN7doctest12_GLOBAL__N_113JUnitReporter17JUnitTestCaseData13JUnitTestCaseEES6_S5_ET0_T_S9_S8_RSaIT1_E
FN:331,_ZSt22__uninitialized_copy_aISt13move_iteratorIPPKN7doctest12TestCaseDataEES5_S4_ET0_T_S8_S7_RSaIT1_E
FNDA:0,_ZSt22__uninitialized_copy_aISt13move_iteratorIPPKN7doctest12TestCaseDataEES5_S4_ET0_T_S8_S7_RSaIT1_E
FN:331,_ZSt22__uninitialized_copy_aISt13move_iteratorIPPKN7doctest6detail8TestCaseEES6_S5_ET0_T_S9_S8_RSaIT1_E
FNDA:0,_ZSt22__uninitialized_copy_aISt13move_iteratorIPPKN7doctest6detail8TestCaseEES6_S5_ET0_T_S9_S8_RSaIT1_E
FN:331,_ZSt22__uninitialized_copy_aISt13move_iteratorIPN7doctest16SubcaseSignatureEES3_S2_ET0_T_S6_S5_RSaIT1_E
FNDA:0,_ZSt22__uninitialized_copy_aISt13move_iteratorIPN7doctest16SubcaseSignatureEES3_S2_ET0_T_S6_S5_RSaIT1_E
FN:331,_ZSt22__uninitialized_copy_aIN9__gnu_cxx17__normal_iteratorIPN7doctest16SubcaseSignatureESt6vectorIS3_SaIS3_EEEES4_S3_ET0_T_SA_S9_RSaIT1_E
FNDA:0,_ZSt22__uninitialized_copy_aIN9__gnu_cxx17__normal_iteratorIPN7doctest16SubcaseSignatureESt6vectorIS3_SaIS3_EEEES4_S3_ET0_T_SA_S9_RSaIT1_E
FN:331,_ZSt22__uninitialized_copy_aISt13move_iteratorIPPN7doctest9IReporterEES4_S3_ET0_T_S7_S6_RSaIT1_E
FNDA:0,_ZSt22__uninitialized_copy_aISt13move_iteratorIPPN7doctest9IReporterEES4_S3_ET0_T_S7_S6_RSaIT1_E
FN:331,_ZSt22__uninitialized_copy_aISt13move_iteratorIPPKN7doctest6detail20IExceptionTranslatorEES6_S5_ET0_T_S9_S8_RSaIT1_E
FNDA:0,_ZSt22__uninitialized_copy_aISt13move_iteratorIPPKN7doctest6detail20IExceptionTranslatorEES6_S5_ET0_T_S9_S8_RSaIT1_E
FN:331,_ZSt22__uninitialized_copy_aISt13move_iteratorIPNSt7__cxx1112basic_stringIcSt11char_traitsIcESaIcEEEES7_S6_ET0_T_SA_S9_RSaIT1_E
FNDA:0,_ZSt22__uninitialized_copy_aISt13move_iteratorIPNSt7__cxx1112basic_stringIcSt11char_traitsIcESaIcEEEES7_S6_ET0_T_SA_S9_RSaIT1_E
FN:331,_ZSt22__uninitialized_copy_aISt13move_iteratorIPN7doctest12_GLOBAL__N_113JUnitReporter17JUnitTestCaseData16JUnitTestMessageEES6_S5_ET0_T_S9_S8_RSaIT1_E
FNDA:0,_ZSt22__uninitialized_copy_aISt13move_iteratorIPN7doctest12_GLOBAL__N_113JUnitReporter17JUnitTestCaseData16JUnitTestMessageEES6_S5_ET0_T_S9_S8_RSaIT1_E
FN:331,_ZSt22__uninitialized_copy_aISt13move_iteratorIPN7doctest6StringEES3_S2_ET0_T_S6_S5_RSaIT1_E
FNDA:0,_ZSt22__uninitialized_copy_aISt13move_iteratorIPN7doctest6StringEES3_S2_ET0_T_S6_S5_RSaIT1_E
FN:331,_ZSt22__uninitialized_copy_aISt13move_iteratorIPSt4fposI11__mbstate_tEES4_S3_ET0_T_S7_S6_RSaIT1_E
FNDA:0,_ZSt22__uninitialized_copy_aISt13move_iteratorIPSt4fposI11__mbstate_tEES4_S3_ET0_T_S7_S6_RSaIT1_E
FN:331,_ZSt22__uninitialized_copy_aISt13move_iteratorIPPN7doctest13IContextScopeEES4_S3_ET0_T_S7_S6_RSaIT1_E
FNDA:0,_ZSt22__uninitialized_copy_aISt13move_iteratorIPPN7doctest13IContextScopeEES4_S3_ET0_T_S7_S6_RSaIT1_E
FN:331,_ZSt22__uninitialized_copy_aIN9__gnu_cxx17__normal_iteratorIPKN7doctest6StringESt6vectorIS3_SaIS3_EEEEPS3_S3_ET0_T_SC_SB_RSaIT1_E
FNDA:0,_ZSt22__uninitialized_copy_aIN9__gnu_cxx17__normal_iteratorIPKN7doctest6StringESt6vectorIS3_SaIS3_EEEEPS3_S3_ET0_T_SC_SB_RSaIT1_E
FN:338,_ZSt22__uninitialized_move_aIPN7doctest16SubcaseSignatureES2_SaIS1_EET0_T_S5_S4_RT1_
FNDA:0,_ZSt22__uninitialized_move_aIPN7doctest16SubcaseSignatureES2_SaIS1_EET0_T_S5_S4_RT1_
FN:349,_ZSt34__uninitialized_move_if_noexcept_aIPPKN7doctest6detail8TestCaseES5_SaIS4_EET0_T_S8_S7_RT1_
FNDA:0,_ZSt34__uninitialized_move_if_noexcept_aIPPKN7doctest6detail8TestCaseES5_SaIS4_EET0_T_S8_S7_RT1_
FN:349,_ZSt34__uninitialized_move_if_noexcept_aIPPKN7doctest12TestCaseDataES4_SaIS3_EET0_T_S7_S6_RT1_
FNDA:0,_ZSt34__uninitialized_move_if_noexcept_aIPPKN7doctest12TestCaseDataES4_SaIS3_EET0_T_S7_S6_RT1_
FN:349,_ZSt34__uninitialized_move_if_noexcept_aIPPN7doctest9IReporterES3_SaIS2_EET0_T_S6_S5_RT1_
FNDA:0,_ZSt34__uninitialized_move_if_noexcept_aIPPN7doctest9IReporterES3_SaIS2_EET0_T_S6_S5_RT1_
FN:349,_ZSt34__uninitialized_move_if_noexcept_aIPPN7doctest13IContextScopeES3_SaIS2_EET0_T_S6_S5_RT1_
FNDA:0,_ZSt34__uninitialized_move_if_noexcept_aIPPN7doctest13IContextScopeES3_SaIS2_EET0_T_S6_S5_RT1_
FN:349,_ZSt34__uninitialized_move_if_noexcept_aIPSt4fposI11__mbstate_tES3_SaIS2_EET0_T_S6_S5_RT1_
FNDA:0,_ZSt34__uninitialized_move_if_noexcept_aIPSt4fposI11__mbstate_tES3_SaIS2_EET0_T_S6_S5_RT1_
FN:349,_ZSt34__uninitialized_move_if_noexcept_aIPN7doctest6StringES2_SaIS1_EET0_T_S5_S4_RT1_
FNDA:0,_ZSt34__uninitialized_move_if_noexcept_aIPN7doctest6StringES2_SaIS1_EET0_T_S5_S4_RT1_
FN:349,_ZSt34__uninitialized_move_if_noexcept_aIPN7doctest12_GLOBAL__N_113JUnitReporter17JUnitTestCaseData16JUnitTestMessageES5_SaIS4_EET0_T_S8_S7_RT1_
FNDA:0,_ZSt34__uninitialized_move_if_noexcept_aIPN7doctest12_GLOBAL__N_113JUnitReporter17JUnitTestCaseData16JUnitTestMessageES5_SaIS4_EET0_T_S8_S7_RT1_
FN:349,_ZSt34__uninitialized_move_if_noexcept_aIPN7doctest12_GLOBAL__N_113JUnitReporter17JUnitTestCaseData13JUnitTestCaseES5_SaIS4_EET0_T_S8_S7_RT1_
FNDA:0,_ZSt34__uninitialized_move_if_noexcept_aIPN7doctest12_GLOBAL__N_113JUnitReporter17JUnitTestCaseData13JUnitTestCaseES5_SaIS4_EET0_T_S8_S7_RT1_
FN:349,_ZSt34__uninitialized_move_if_noexcept_aIPNSt7__cxx1112basic_stringIcSt11char_traitsIcESaIcEEES6_SaIS5_EET0_T_S9_S8_RT1_
FNDA:0,_ZSt34__uninitialized_move_if_noexcept_aIPNSt7__cxx1112basic_stringIcSt11char_traitsIcESaIcEEES6_SaIS5_EET0_T_S9_S8_RT1_
FN:349,_ZSt34__uninitialized_move_if_noexcept_aIPPKN7doctest6detail20IExceptionTranslatorES5_SaIS4_EET0_T_S8_S7_RT1_
FNDA:0,_ZSt34__uninitialized_move_if_noexcept_aIPPKN7doctest6detail20IExceptionTranslatorES5_SaIS4_EET0_T_S8_S7_RT1_
FN:349,_ZSt34__uninitialized_move_if_noexcept_aIPN7doctest16SubcaseSignatureES2_SaIS1_EET0_T_S5_S4_RT1_
FNDA:0,_ZSt34__uninitialized_move_if_noexcept_aIPN7doctest16SubcaseSignatureES2_SaIS1_EET0_T_S5_S4_RT1_
FN:573,_ZNSt27__uninitialized_default_n_1ILb0EE18__uninit_default_nIPSt6vectorIN7doctest6StringESaIS4_EEmEET_S8_T0_
FNDA:1,_ZNSt27__uninitialized_default_n_1ILb0EE18__uninit_default_nIPSt6vectorIN7doctest6StringESaIS4_EEmEET_S8_T0_
FN:630,_ZSt25__uninitialized_default_nIPSt6vectorIN7doctest6StringESaIS2_EEmET_S6_T0_
FNDA:1,_ZSt25__uninitialized_default_nIPSt6vectorIN7doctest6StringESaIS2_EEmET_S6_T0_
FN:702,_ZSt27__uninitialized_default_n_aIPSt6vectorIN7doctest6StringESaIS2_EEmS4_ET_S6_T0_RSaIT1_E
FNDA:1,_ZSt27__uninitialized_default_n_aIPSt6vectorIN7doctest6StringESaIS2_EEmS4_ET_S6_T0_RSaIT1_E
FN:986,_ZSt19__relocate_object_aIN7doctest6StringES1_SaIS1_EEvPT_PT0_RT1_
FNDA:0,_ZSt19__relocate_object_aIN7doctest6StringES1_SaIS1_EEvPT_PT0_RT1_
FN:986,_ZSt19__relocate_object_aIN7doctest12_GLOBAL__N_113JUnitReporter17JUnitTestCaseData16JUnitTestMessageES4_SaIS4_EEvPT_PT0_RT1_
FNDA:0,_ZSt19__relocate_object_aIN7doctest12_GLOBAL__N_113JUnitReporter17JUnitTestCaseData16JUnitTestMessageES4_SaIS4_EEvPT_PT0_RT1_
FN:986,_ZSt19__relocate_object_aIN7doctest12_GLOBAL__N_113JUnitReporter17JUnitTestCaseData13JUnitTestCaseES4_SaIS4_EEvPT_PT0_RT1_
FNDA:0,_ZSt19__relocate_object_aIN7doctest12_GLOBAL__N_113JUnitReporter17JUnitTestCaseData13JUnitTestCaseES4_SaIS4_EEvPT_PT0_RT1_
FN:986,_ZSt19__relocate_object_aINSt7__cxx1112basic_stringIcSt11char_traitsIcESaIcEEES5_SaIS5_EEvPT_PT0_RT1_
FNDA:0,_ZSt19__relocate_object_aINSt7__cxx1112basic_stringIcSt11char_traitsIcESaIcEEES5_SaIS5_EEvPT_PT0_RT1_
FN:986,_ZSt19__relocate_object_aIN7doctest16SubcaseSignatureES1_SaIS1_EEvPT_PT0_RT1_
FNDA:0,_ZSt19__relocate_object_aIN7doctest16SubcaseSignatureES1_SaIS1_EEvPT_PT0_RT1_
FN:986,_ZSt19__relocate_object_aISt4fposI11__mbstate_tES2_SaIS2_EEvPT_PT0_RT1_
FNDA:0,_ZSt19__relocate_object_aISt4fposI11__mbstate_tES2_SaIS2_EEvPT_PT0_RT1_
FN:1006,_ZSt14__relocate_a_1IPN7doctest13IContextScopeES2_ENSt9enable_ifIXsrSt24__is_bitwise_relocatableIT_vE5valueEPS5_E4typeES7_S7_S7_RSaIT0_E
FNDA:0,_ZSt14__relocate_a_1IPN7doctest13IContextScopeES2_ENSt9enable_ifIXsrSt24__is_bitwise_relocatableIT_vE5valueEPS5_E4typeES7_S7_S7_RSaIT0_E
FN:1006,_ZSt14__relocate_a_1IPKN7doctest6detail20IExceptionTranslatorES4_ENSt9enable_ifIXsrSt24__is_bitwise_relocatableIT_vE5valueEPS7_E4typeES9_S9_S9_RSaIT0_E
FNDA:0,_ZSt14__relocate_a_1IPKN7doctest6detail20IExceptionTranslatorES4_ENSt9enable_ifIXsrSt24__is_bitwise_relocatableIT_vE5valueEPS7_E4typeES9_S9_S9_RSaIT0_E
FN:1006,_ZSt14__relocate_a_1IPN7doctest9IReporterES2_ENSt9enable_ifIXsrSt24__is_bitwise_relocatableIT_vE5valueEPS5_E4typeES7_S7_S7_RSaIT0_E
FNDA:2,_ZSt14__relocate_a_1IPN7doctest9IReporterES2_ENSt9enable_ifIXsrSt24__is_bitwise_relocatableIT_vE5valueEPS5_E4typeES7_S7_S7_RSaIT0_E
FN:1006,_ZSt14__relocate_a_1IPKN7doctest6detail8TestCaseES4_ENSt9enable_ifIXsrSt24__is_bitwise_relocatableIT_vE5valueEPS7_E4typeES9_S9_S9_RSaIT0_E
FNDA:8,_ZSt14__relocate_a_1IPKN7doctest6detail8TestCaseES4_ENSt9enable_ifIXsrSt24__is_bitwise_relocatableIT_vE5valueEPS7_E4typeES9_S9_S9_RSaIT0_E
FN:1006,_ZSt14__relocate_a_1IPKN7doctest12TestCaseDataES3_ENSt9enable_ifIXsrSt24__is_bitwise_relocatableIT_vE5valueEPS6_E4typeES8_S8_S8_RSaIT0_E
FNDA:0,_ZSt14__relocate_a_1IPKN7doctest12TestCaseDataES3_ENSt9enable_ifIXsrSt24__is_bitwise_relocatableIT_vE5valueEPS6_E4typeES8_S8_S8_RSaIT0_E
FN:1018,_ZSt14__relocate_a_1IPSt4fposI11__mbstate_tES3_SaIS2_EET0_T_S6_S5_RT1_
FNDA:0,_ZSt14__relocate_a_1IPSt4fposI11__mbstate_tES3_SaIS2_EET0_T_S6_S5_RT1_
FN:1018,_ZSt14__relocate_a_1IPN7doctest16SubcaseSignatureES2_SaIS1_EET0_T_S5_S4_RT1_
FNDA:0,_ZSt14__relocate_a_1IPN7doctest16SubcaseSignatureES2_SaIS1_EET0_T_S5_S4_RT1_
FN:1018,_ZSt14__relocate_a_1IPN7doctest6StringES2_SaIS1_EET0_T_S5_S4_RT1_
FNDA:2,_ZSt14__relocate_a_1IPN7doctest6StringES2_SaIS1_EET0_T_S5_S4_RT1_
FN:1018,_ZSt14__relocate_a_1IPNSt7__cxx1112basic_stringIcSt11char_traitsIcESaIcEEES6_SaIS5_EET0_T_S9_S8_RT1_
FNDA:0,_ZSt14__relocate_a_1IPNSt7__cxx1112basic_stringIcSt11char_traitsIcESaIcEEES6_SaIS5_EET0_T_S9_S8_RT1_
FN:1018,_ZSt14__relocate_a_1IPN7doctest12_GLOBAL__N_113JUnitReporter17JUnitTestCaseData16JUnitTestMessageES5_SaIS4_EET0_T_S8_S7_RT1_
FNDA:0,_ZSt14__relocate_a_1IPN7doctest12_GLOBAL__N_113JUnitReporter17JUnitTestCaseData16JUnitTestMessageES5_SaIS4_EET0_T_S8_S7_RT1_
FN:1018,_ZSt14__relocate_a_1IPN7doctest12_GLOBAL__N_113JUnitReporter17JUnitTestCaseData13JUnitTestCaseES5_SaIS4_EET0_T_S8_S7_RT1_
FNDA:0,_ZSt14__relocate_a_1IPN7doctest12_GLOBAL__N_113JUnitReporter17JUnitTestCaseData13JUnitTestCaseES5_SaIS4_EET0_T_S8_S7_RT1_
FN:1040,_ZSt12__relocate_aIPSt4fposI11__mbstate_tES3_SaIS2_EET0_T_S6_S5_RT1_
FNDA:0,_ZSt12__relocate_aIPSt4fposI11__mbstate_tES3_SaIS2_EET0_T_S6_S5_RT1_
FN:1040,_ZSt12__relocate_aIPPN7doctest13IContextScopeES3_SaIS2_EET0_T_S6_S5_RT1_
FNDA:0,_ZSt12__relocate_aIPPN7doctest13IContextScopeES3_SaIS2_EET0_T_S6_S5_RT1_
FN:1040,_ZSt12__relocate_aIPN7doctest6StringES2_SaIS1_EET0_T_S5_S4_RT1_
FNDA:2,_ZSt12__relocate_aIPN7doctest6StringES2_SaIS1_EET0_T_S5_S4_RT1_
FN:1040,_ZSt12__relocate_aIPN7doctest12_GLOBAL__N_113JUnitReporter17JUnitTestCaseData16JUnitTestMessageES5_SaIS4_EET0_T_S8_S7_RT1_
FNDA:0,_ZSt12__relocate_aIPN7doctest12_GLOBAL__N_113JUnitReporter17JUnitTestCaseData16JUnitTestMessageES5_SaIS4_EET0_T_S8_S7_RT1_
FN:1040,_ZSt12__relocate_aIPN7doctest12_GLOBAL__N_113JUnitReporter17JUnitTestCaseData13JUnitTestCaseES5_SaIS4_EET0_T_S8_S7_RT1_
FNDA:0,_ZSt12__relocate_aIPN7doctest12_GLOBAL__N_113JUnitReporter17JUnitTestCaseData13JUnitTestCaseES5_SaIS4_EET0_T_S8_S7_RT1_
FN:1040,_ZSt12__relocate_aIPNSt7__cxx1112basic_stringIcSt11char_traitsIcESaIcEEES6_SaIS5_EET0_T_S9_S8_RT1_
FNDA:0,_ZSt12__relocate_aIPNSt7__cxx1112basic_stringIcSt11char_traitsIcESaIcEEES6_SaIS5_EET0_T_S9_S8_RT1_
FN:1040,_ZSt12__relocate_aIPPN7doctest9IReporterES3_SaIS2_EET0_T_S6_S5_RT1_
FNDA:2,_ZSt12__relocate_aIPPN7doctest9IReporterES3_SaIS2_EET0_T_S6_S5_RT1_
FN:1040,_ZSt12__relocate_aIPPKN7doctest6detail20IExceptionTranslatorES5_SaIS4_EET0_T_S8_S7_RT1_
FNDA:0,_ZSt12__relocate_aIPPKN7doctest6detail20IExceptionTranslatorES5_SaIS4_EET0_T_S8_S7_RT1_
FN:1040,_ZSt12__relocate_aIPPKN7doctest6detail8TestCaseES5_SaIS4_EET0_T_S8_S7_RT1_
FNDA:8,_ZSt12__relocate_aIPPKN7doctest6detail8TestCaseES5_SaIS4_EET0_T_S8_S7_RT1_
FN:1040,_ZSt12__relocate_aIPPKN7doctest12TestCaseDataES4_SaIS3_EET0_T_S7_S6_RT1_
FNDA:0,_ZSt12__relocate_aIPPKN7doctest12TestCaseDataES4_SaIS3_EET0_T_S7_S6_RT1_
FN:1040,_ZSt12__relocate_aIPN7doctest16SubcaseSignatureES2_SaIS1_EET0_T_S5_S4_RT1_
FNDA:0,_ZSt12__relocate_aIPN7doctest16SubcaseSignatureES2_SaIS1_EET0_T_S5_S4_RT1_
DA:85,0
DA:88,0
DA:91,0
DA:92,0
DA:93,0
DA:95,0
DA:97,0
DA:98,0
DA:85,0
DA:88,0
DA:91,0
DA:92,0
DA:93,0
DA:95,0
DA:97,0
DA:98,0
DA:85,0
DA:88,0
DA:91,0
DA:92,0
DA:93,0
DA:95,0
DA:97,0
DA:98,0
DA:85,0
DA:88,0
DA:91,0
DA:92,0
DA:93,0
DA:95,0
DA:97,0
DA:98,0
DA:85,0
DA:88,0
DA:91,0
DA:92,0
DA:93,0
DA:95,0
DA:97,0
DA:98,0
DA:85,0
DA:88,0
DA:91,0
DA:92,0
DA:93,0
DA:95,0
DA:97,0
DA:98,0
DA:85,0
DA:88,0
DA:91,0
DA:92,0
DA:93,0
DA:95,0
DA:97,0
DA:98,0
DA:85,0
DA:88,0
DA:91,0
DA:92,0
DA:93,0
DA:95,0
DA:97,0
DA:98,0
DA:108,0
DA:110,0
DA:108,0
DA:110,0
DA:108,0
DA:110,0
DA:108,0
DA:110,0
DA:108,0
DA:110,0
DA:126,0
DA:145,0
DA:151,0
DA:126,0
DA:145,0
DA:151,0
DA:126,0
DA:145,0
DA:151,0
DA:126,0
DA:145,0
DA:151,0
DA:126,0
DA:145,0
DA:151,0
DA:126,0
DA:145,0
DA:151,0
DA:126,0
DA:145,0
DA:151,0
DA:126,0
DA:145,0
DA:151,0
DA:126,0
DA:145,0
DA:151,0
DA:126,0
DA:145,0
DA:151,0
DA:126,0
DA:145,0
DA:151,0
DA:126,0
DA:145,0
DA:151,0
DA:126,0
DA:145,0
DA:151,0
DA:331,0
DA:333,0
DA:331,0
DA:333,0
DA:331,0
DA:333,0
DA:331,0
DA:333,0
DA:331,0
DA:333,0
DA:331,0
DA:333,0
DA:331,0
DA:333,0
DA:331,0
DA:333,0
DA:331,0
DA:333,0
DA:331,0
DA:333,0
DA:331,0
DA:333,0
DA:331,0
DA:333,0
DA:331,0
DA:333,0
DA:338,0
DA:341,0
DA:343,0
DA:349,0
DA:355,0
DA:356,0
DA:349,0
DA:355,0
DA:356,0
DA:349,0
DA:355,0
DA:356,0
DA:349,0
DA:355,0
DA:356,0
DA:349,0
DA:355,0
DA:356,0
DA:349,0
DA:355,0
DA:356,0
DA:349,0
DA:355,0
DA:356,0
DA:349,0
DA:355,0
DA:356,0
DA:349,0
DA:355,0
DA:356,0
DA:349,0
DA:355,0
DA:356,0
DA:349,0
DA:355,0
DA:356,0
DA:573,1
DA:575,1
DA:578,10
DA:579,9
DA:580,1
DA:630,1
DA:635,1
DA:640,1
DA:702,1
DA:704,1
DA:986,0
DA:994,0
DA:995,0
DA:996,0
DA:986,0
DA:994,0
DA:995,0
DA:996,0
DA:986,0
DA:994,0
DA:995,0
DA:996,0
DA:986,0
DA:994,0
DA:995,0
DA:996,0
DA:986,0
DA:994,0
DA:995,0
DA:996,0
DA:986,0
DA:994,0
DA:995,0
DA:996,0
DA:1006,0
DA:1009,0
DA:1010,0
DA:1011,0
DA:1012,0
DA:1006,8
DA:1009,8
DA:1010,8
DA:1011,3
DA:1012,8
DA:1006,2
DA:1009,2
DA:1010,2
DA:1011,0
DA:1012,2
DA:1006,0
DA:1009,0
DA:1010,0
DA:1011,0
DA:1012,0
DA:1006,0
DA:1009,0
DA:1010,0
DA:1011,0
DA:1012,0
DA:1018,0
DA:1030,0
DA:1031,0
DA:1032,0
DA:1034,0
DA:1018,2
DA:1030,2
DA:1031,2
DA:1032,0
DA:1034,2
DA:1018,0
DA:1030,0
DA:1031,0
DA:1032,0
DA:1034,0
DA:1018,0
DA:1030,0
DA:1031,0
DA:1032,0
DA:1034,0
DA:1018,0
DA:1030,0
DA:1031,0
DA:1032,0
DA:1034,0
DA:1018,0
DA:1030,0
DA:1031,0
DA:1032,0
DA:1034,0
DA:1040,0
DA:1046,0
DA:1048,0
DA:1040,8
DA:1046,8
DA:1048,8
DA:1040,2
DA:1046,2
DA:1048,2
DA:1040,0
DA:1046,0
DA:1048,0
DA:1040,0
DA:1046,0
DA:1048,0
DA:1040,2
DA:1046,2
DA:1048,2
DA:1040,0
DA:1046,0
DA:1048,0
DA:1040,0
DA:1046,0
DA:1048,0
DA:1040,0
DA:1046,0
DA:1048,0
DA:1040,0
DA:1046,0
DA:1048,0
DA:1040,0
DA:1046,0
DA:1048,0
end_of_record
SF:/usr/include/c++/11/bits/stl_tree.h
FN:146,_ZNSt20_Rb_tree_key_compareISt4lessIN7doctest6StringEEEC2Ev
FNDA:1,_ZNSt20_Rb_tree_key_compareISt4lessIN7doctest6StringEEEC2Ev
FN:146,_ZNSt20_Rb_tree_key_compareISt4lessISt4pairIiN7doctest6StringEEEEC2Ev
FNDA:2,_ZNSt20_Rb_tree_key_compareISt4lessISt4pairIiN7doctest6StringEEEEC2Ev
FN:146,_ZNSt20_Rb_tree_key_compareISt4lessIN7doctest6detail8TestCaseEEEC2Ev
FNDA:1,_ZNSt20_Rb_tree_key_compareISt4lessIN7doctest6detail8TestCaseEEEC2Ev
FN:173,_ZNSt15_Rb_tree_headerC2Ev
FNDA:4,_ZNSt15_Rb_tree_headerC2Ev
FN:206,_ZNSt15_Rb_tree_header8_M_resetEv
FNDA:4,_ZNSt15_Rb_tree_header8_M_resetEv
FN:234,_ZNSt13_Rb_tree_nodeIN7doctest6detail8TestCaseEE9_M_valptrEv
FNDA:12,_ZNSt13_Rb_tree_nodeIN7doctest6detail8TestCaseEE9_M_valptrEv
FN:234,_ZNSt13_Rb_tree_nodeISt4pairIKS0_IiN7doctest6StringEEPFPNS1_9IReporterERKNS1_14ContextOptionsEEEE9_M_valptrEv
FNDA:9,_ZNSt13_Rb_tree_nodeISt4pairIKS0_IiN7doctest6StringEEPFPNS1_9IReporterERKNS1_14ContextOptionsEEEE9_M_valptrEv
FN:234,_ZNSt13_Rb_tree_nodeIN7doctest6StringEE9_M_valptrEv
FNDA:0,_ZNSt13_Rb_tree_nodeIN7doctest6StringEE9_M_valptrEv
FN:238,_ZNKSt13_Rb_tree_nodeIN7doctest6detail8TestCaseEE9_M_valptrEv
FNDA:27,_ZNKSt13_Rb_tree_nodeIN7doctest6detail8TestCaseEE9_M_valptrEv
FN:238,_ZNKSt13_Rb_tree_nodeISt4pairIKS0_IiN7doctest6StringEEPFPNS1_9IReporterERKNS1_14ContextOptionsEEEE9_M_valptrEv
FNDA:5,_ZNKSt13_Rb_tree_nodeISt4pairIKS0_IiN7doctest6StringEEPFPNS1_9IReporterERKNS1_14ContextOptionsEEEE9_M_valptrEv
FN:238,_ZNKSt13_Rb_tree_nodeIN7doctest6StringEE9_M_valptrEv
FNDA:0,_ZNKSt13_Rb_tree_nodeIN7doctest6StringEE9_M_valptrEv
FN:273,_ZNSt17_Rb_tree_iteratorIN7doctest6detail8TestCaseEEC2EPSt18_Rb_tree_node_base
FNDA:13,_ZNSt17_Rb_tree_iteratorIN7doctest6detail8TestCaseEEC2EPSt18_Rb_tree_node_base
FN:273,_ZNSt17_Rb_tree_iteratorISt4pairIKS0_IiN7doctest6StringEEPFPNS1_9IReporterERKNS1_14ContextOptionsEEEEC2EPSt18_Rb_tree_node_base
FNDA:13,_ZNSt17_Rb_tree_iteratorISt4pairIKS0_IiN7doctest6StringEEPFPNS1_9IReporterERKNS1_14ContextOptionsEEEEC2EPSt18_Rb_tree_node_base
FN:273,_ZNSt17_Rb_tree_iteratorIN7doctest6StringEEC2EPSt18_Rb_tree_node_base
FNDA:0,_ZNSt17_Rb_tree_iteratorIN7doctest6StringEEC2EPSt18_Rb_tree_node_base
FN:277,_ZNKSt17_Rb_tree_iteratorISt4pairIKS0_IiN7doctest6StringEEPFPNS1_9IReporterERKNS1_14ContextOptionsEEEEdeEv
FNDA:3,_ZNKSt17_Rb_tree_iteratorISt4pairIKS0_IiN7doctest6StringEEPFPNS1_9IReporterERKNS1_14ContextOptionsEEEEdeEv
FN:285,_ZNSt17_Rb_tree_iteratorISt4pairIKS0_IiN7doctest6StringEEPFPNS1_9IReporterERKNS1_14ContextOptionsEEEEppEv
FNDA:3,_ZNSt17_Rb_tree_iteratorISt4pairIKS0_IiN7doctest6StringEEPFPNS1_9IReporterERKNS1_14ContextOptionsEEEEppEv
FN:300,_ZNSt17_Rb_tree_iteratorISt4pairIKS0_IiN7doctest6StringEEPFPNS1_9IReporterERKNS1_14ContextOptionsEEEEmmEv
FNDA:0,_ZNSt17_Rb_tree_iteratorISt4pairIKS0_IiN7doctest6StringEEPFPNS1_9IReporterERKNS1_14ContextOptionsEEEEmmEv
FN:300,_ZNSt17_Rb_tree_iteratorIN7doctest6StringEEmmEv
FNDA:0,_ZNSt17_Rb_tree_iteratorIN7doctest6StringEEmmEv
FN:300,_ZNSt17_Rb_tree_iteratorIN7doctest6detail8TestCaseEEmmEv
FNDA:0,_ZNSt17_Rb_tree_iteratorIN7doctest6detail8TestCaseEEmmEv
FN:315,_ZSteqRKSt17_Rb_tree_iteratorISt4pairIKS0_IiN7doctest6StringEEPFPNS1_9IReporterERKNS1_14ContextOptionsEEEESF_
FNDA:3,_ZSteqRKSt17_Rb_tree_iteratorISt4pairIKS0_IiN7doctest6StringEEPFPNS1_9IReporterERKNS1_14ContextOptionsEEEESF_
FN:315,_ZSteqRKSt17_Rb_tree_iteratorIN7doctest6StringEES4_
FNDA:0,_ZSteqRKSt17_Rb_tree_iteratorIN7doctest6StringEES4_
FN:315,_ZSteqRKSt17_Rb_tree_iteratorIN7doctest6detail8TestCaseEES5_
FNDA:1,_ZSteqRKSt17_Rb_tree_iteratorIN7doctest6detail8TestCaseEES5_
FN:320,_ZStneRKSt17_Rb_tree_iteratorISt4pairIKS0_IiN7doctest6StringEEPFPNS1_9IReporterERKNS1_14ContextOptionsEEEESF_
FNDA:5,_ZStneRKSt17_Rb_tree_iteratorISt4pairIKS0_IiN7doctest6StringEEPFPNS1_9IReporterERKNS1_14ContextOptionsEEEESF_
FN:347,_ZNSt23_Rb_tree_const_iteratorISt4pairIKS0_IiN7doctest6StringEEPFPNS1_9IReporterERKNS1_14ContextOptionsEEEEC2EPKSt18_Rb_tree_node_base
FNDA:0,_ZNSt23_Rb_tree_const_iteratorISt4pairIKS0_IiN7doctest6StringEEPFPNS1_9IReporterERKNS1_14ContextOptionsEEEEC2EPKSt18_Rb_tree_node_base
FN:347,_ZNSt23_Rb_tree_const_iteratorIN7doctest6detail8TestCaseEEC2EPKSt18_Rb_tree_node_base
FNDA:2,_ZNSt23_Rb_tree_const_iteratorIN7doctest6detail8TestCaseEEC2EPKSt18_Rb_tree_node_base
FN:347,_ZNSt23_Rb_tree_const_iteratorIN7doctest6StringEEC2EPKSt18_Rb_tree_node_base
FNDA:0,_ZNSt23_Rb_tree_const_iteratorIN7doctest6StringEEC2EPKSt18_Rb_tree_node_base
FN:350,_ZNSt23_Rb_tree_const_iteratorIN7doctest6StringEEC2ERKSt17_Rb_tree_iteratorIS1_E
FNDA:0,_ZNSt23_Rb_tree_const_iteratorIN7doctest6StringEEC2ERKSt17_Rb_tree_iteratorIS1_E
FN:350,_ZNSt23_Rb_tree_const_iteratorIN7doctest6detail8TestCaseEEC2ERKSt17_Rb_tree_iteratorIS2_E
FNDA:6,_ZNSt23_Rb_tree_const_iteratorIN7doctest6detail8TestCaseEEC2ERKSt17_Rb_tree_iteratorIS2_E
FN:358,_ZNKSt23_Rb_tree_const_iteratorIN7doctest6detail8TestCaseEEdeEv
FNDA:6,_ZNKSt23_Rb_tree_const_iteratorIN7doctest6detail8TestCaseEEdeEv
FN:358,_ZNKSt23_Rb_tree_const_iteratorISt4pairIKS0_IiN7doctest6StringEEPFPNS1_9IReporterERKNS1_14ContextOptionsEEEEdeEv
FNDA:0,_ZNKSt23_Rb_tree_const_iteratorISt4pairIKS0_IiN7doctest6StringEEPFPNS1_9IReporterERKNS1_14ContextOptionsEEEEdeEv
FN:366,_ZNSt23_Rb_tree_const_iteratorIN7doctest6detail8TestCaseEEppEv
FNDA:6,_ZNSt23_Rb_tree_const_iteratorIN7doctest6detail8TestCaseEEppEv
FN:366,_ZNSt23_Rb_tree_const_iteratorISt4pairIKS0_IiN7doctest6StringEEPFPNS1_9IReporterERKNS1_14ContextOptionsEEEEppEv
FNDA:0,_ZNSt23_Rb_tree_const_iteratorISt4pairIKS0_IiN7doctest6StringEEPFPNS1_9IReporterERKNS1_14ContextOptionsEEEEppEv
FN:396,_ZSteqRKSt23_Rb_tree_const_iteratorIN7doctest6StringEES4_
FNDA:0,_ZSteqRKSt23_Rb_tree_const_iteratorIN7doctest6StringEES4_
FN:401,_ZStneRKSt23_Rb_tree_const_iteratorISt4pairIKS0_IiN7doctest6StringEEPFPNS1_9IReporterERKNS1_14ContextOptionsEEEESF_
FNDA:0,_ZStneRKSt23_Rb_tree_const_iteratorISt4pairIKS0_IiN7doctest6StringEEPFPNS1_9IReporterERKNS1_14ContextOptionsEEEESF_
FN:401,_ZStneRKSt23_Rb_tree_const_iteratorIN7doctest6detail8TestCaseEES5_
FNDA:7,_ZStneRKSt23_Rb_tree_const_iteratorIN7doctest6detail8TestCaseEES5_
FN:523,_ZNSt8_Rb_treeIN7doctest6detail8TestCaseES2_St9_IdentityIS2_ESt4lessIS2_ESaIS2_EE11_Alloc_nodeC2ERS8_
FNDA:6,_ZNSt8_Rb_treeIN7doctest6detail8TestCaseES2_St9_IdentityIS2_ESt4lessIS2_ESaIS2_EE11_Alloc_nodeC2ERS8_
FN:523,_ZNSt8_Rb_treeISt4pairIiN7doctest6StringEES0_IKS3_PFPNS1_9IReporterERKNS1_14ContextOptionsEEESt10_Select1stISC_ESt4lessIS3_ESaISC_EE11_Alloc_nodeC2ERSI_
FNDA:3,_ZNSt8_Rb_treeISt4pairIiN7doctest6StringEES0_IKS3_PFPNS1_9IReporterERKNS1_14ContextOptionsEEESt10_Select1stISC_ESt4lessIS3_ESaISC_EE11_Alloc_nodeC2ERSI_
FN:523,_ZNSt8_Rb_treeIN7doctest6StringES1_St9_IdentityIS1_ESt4lessIS1_ESaIS1_EE11_Alloc_nodeC2ERS7_
FNDA:0,_ZNSt8_Rb_treeIN7doctest6StringES1_St9_IdentityIS1_ESt4lessIS1_ESaIS1_EE11_Alloc_nodeC2ERS7_
FN:528,_ZNKSt8_Rb_treeIN7doctest6detail8TestCaseES2_St9_IdentityIS2_ESt4lessIS2_ESaIS2_EE11_Alloc_nodeclIRKS2_EEPSt13_Rb_tree_nodeIS2_EOT_
FNDA:6,_ZNKSt8_Rb_treeIN7doctest6detail8TestCaseES2_St9_IdentityIS2_ESt4lessIS2_ESaIS2_EE11_Alloc_nodeclIRKS2_EEPSt13_Rb_tree_nodeIS2_EOT_
FN:528,_ZNKSt8_Rb_treeISt4pairIiN7doctest6StringEES0_IKS3_PFPNS1_9IReporterERKNS1_14ContextOptionsEEESt10_Select1stISC_ESt4lessIS3_ESaISC_EE11_Alloc_nodeclISC_EEPSt13_Rb_tree_nodeISC_EOT_
FNDA:3,_ZNKSt8_Rb_treeISt4pairIiN7doctest6StringEES0_IKS3_PFPNS1_9IReporterERKNS1_14ContextOptionsEEESt10_Select1stISC_ESt4lessIS3_ESaISC_EE11_Alloc_nodeclISC_EEPSt13_Rb_tree_nodeISC_EOT_
FN:528,_ZNKSt8_Rb_treeIN7doctest6StringES1_St9_IdentityIS1_ESt4lessIS1_ESaIS1_EE11_Alloc_nodeclIS1_EEPSt13_Rb_tree_nodeIS1_EOT_
FNDA:0,_ZNKSt8_Rb_treeIN7doctest6StringES1_St9_IdentityIS1_ESt4lessIS1_ESaIS1_EE11_Alloc_nodeclIS1_EEPSt13_Rb_tree_nodeIS1_EOT_
FN:547,_ZNSt8_Rb_treeIN7doctest6detail8TestCaseES2_St9_IdentityIS2_ESt4lessIS2_ESaIS2_EE21_M_get_Node_allocatorEv
FNDA:24,_ZNSt8_Rb_treeIN7doctest6detail8TestCaseES2_St9_IdentityIS2_ESt4lessIS2_ESaIS2_EE21_M_get_Node_allocatorEv
FN:547,_ZNSt8_Rb_treeIN7doctest6StringES1_St9_IdentityIS1_ESt4lessIS1_ESaIS1_EE21_M_get_Node_allocatorEv
FNDA:0,_ZNSt8_Rb_treeIN7doctest6StringES1_St9_IdentityIS1_ESt4lessIS1_ESaIS1_EE21_M_get_Node_allocatorEv
FN:547,_ZNSt8_Rb_treeISt4pairIiN7doctest6StringEES0_IKS3_PFPNS1_9IReporterERKNS1_14ContextOptionsEEESt10_Select1stISC_ESt4lessIS3_ESaISC_EE21_M_get_Node_allocatorEv
FNDA:12,_ZNSt8_Rb_treeISt4pairIiN7doctest6StringEES0_IKS3_PFPNS1_9IReporterERKNS1_14ContextOptionsEEESt10_Select1stISC_ESt4lessIS3_ESaISC_EE21_M_get_Node_allocatorEv
FN:560,_ZNSt8_Rb_treeIN7doctest6detail8TestCaseES2_St9_IdentityIS2_ESt4lessIS2_ESaIS2_EE11_M_get_nodeEv
FNDA:6,_ZNSt8_Rb_treeIN7doctest6detail8TestCaseES2_St9_IdentityIS2_ESt4lessIS2_ESaIS2_EE11_M_get_nodeEv
FN:560,_ZNSt8_Rb_treeISt4pairIiN7doctest6StringEES0_IKS3_PFPNS1_9IReporterERKNS1_14ContextOptionsEEESt10_Select1stISC_ESt4lessIS3_ESaISC_EE11_M_get_nodeEv
FNDA:3,_ZNSt8_Rb_treeISt4pairIiN7doctest6StringEES0_IKS3_PFPNS1_9IReporterERKNS1_14ContextOptionsEEESt10_Select1stISC_ESt4lessIS3_ESaISC_EE11_M_get_nodeEv
FN:560,_ZNSt8_Rb_treeIN7doctest6StringES1_St9_IdentityIS1_ESt4lessIS1_ESaIS1_EE11_M_get_nodeEv
FNDA:0,_ZNSt8_Rb_treeIN7doctest6StringES1_St9_IdentityIS1_ESt4lessIS1_ESaIS1_EE11_M_get_nodeEv
FN:564,_ZNSt8_Rb_treeISt4pairIiN7doctest6StringEES0_IKS3_PFPNS1_9IReporterERKNS1_14ContextOptionsEEESt10_Select1stISC_ESt4lessIS3_ESaISC_EE11_M_put_nodeEPSt13_Rb_tree_nodeISC_E
FNDA:3,_ZNSt8_Rb_treeISt4pairIiN7doctest6StringEES0_IKS3_PFPNS1_9IReporterERKNS1_14ContextOptionsEEESt10_Select1stISC_ESt4lessIS3_ESaISC_EE11_M_put_nodeEPSt13_Rb_tree_nodeISC_E
FN:564,_ZNSt8_Rb_treeIN7doctest6detail8TestCaseES2_St9_IdentityIS2_ESt4lessIS2_ESaIS2_EE11_M_put_nodeEPSt13_Rb_tree_nodeIS2_E
FNDA:6,_ZNSt8_Rb_treeIN7doctest6detail8TestCaseES2_St9_IdentityIS2_ESt4lessIS2_ESaIS2_EE11_M_put_nodeEPSt13_Rb_tree_nodeIS2_E
FN:564,_ZNSt8_Rb_treeIN7doctest6StringES1_St9_IdentityIS1_ESt4lessIS1_ESaIS1_EE11_M_put_nodeEPSt13_Rb_tree_nodeIS1_E
FNDA:0,_ZNSt8_Rb_treeIN7doctest6StringES1_St9_IdentityIS1_ESt4lessIS1_ESaIS1_EE11_M_put_nodeEPSt13_Rb_tree_nodeIS1_E
FN:590,_ZNSt8_Rb_treeIN7doctest6detail8TestCaseES2_St9_IdentityIS2_ESt4lessIS2_ESaIS2_EE17_M_construct_nodeIJRKS2_EEEvPSt13_Rb_tree_nodeIS2_EDpOT_
FNDA:6,_ZNSt8_Rb_treeIN7doctest6detail8TestCaseES2_St9_IdentityIS2_ESt4lessIS2_ESaIS2_EE17_M_construct_nodeIJRKS2_EEEvPSt13_Rb_tree_nodeIS2_EDpOT_
FN:590,_ZNSt8_Rb_treeIN7doctest6StringES1_St9_IdentityIS1_ESt4lessIS1_ESaIS1_EE17_M_construct_nodeIJS1_EEEvPSt13_Rb_tree_nodeIS1_EDpOT_
FNDA:0,_ZNSt8_Rb_treeIN7doctest6StringES1_St9_IdentityIS1_ESt4lessIS1_ESaIS1_EE17_M_construct_nodeIJS1_EEEvPSt13_Rb_tree_nodeIS1_EDpOT_
FN:590,_ZNSt8_Rb_treeISt4pairIiN7doctest6StringEES0_IKS3_PFPNS1_9IReporterERKNS1_14ContextOptionsEEESt10_Select1stISC_ESt4lessIS3_ESaISC_EE17_M_construct_nodeIJSC_EEEvPSt13_Rb_tree_nodeISC_EDpOT_
FNDA:3,_ZNSt8_Rb_treeISt4pairIiN7doctest6StringEES0_IKS3_PFPNS1_9IReporterERKNS1_14ContextOptionsEEESt10_Select1stISC_ESt4lessIS3_ESaISC_EE17_M_construct_nodeIJSC_EEEvPSt13_Rb_tree_nodeISC_EDpOT_
FN:609,_ZNSt8_Rb_treeIN7doctest6StringES1_St9_IdentityIS1_ESt4lessIS1_ESaIS1_EE14_M_create_nodeIJS1_EEEPSt13_Rb_tree_nodeIS1_EDpOT_
FNDA:0,_ZNSt8_Rb_treeIN7doctest6StringES1_St9_IdentityIS1_ESt4lessIS1_ESaIS1_EE14_M_create_nodeIJS1_EEEPSt13_Rb_tree_nodeIS1_EDpOT_
FN:609,_ZNSt8_Rb_treeISt4pairIiN7doctest6StringEES0_IKS3_PFPNS1_9IReporterERKNS1_14ContextOptionsEEESt10_Select1stISC_ESt4lessIS3_ESaISC_EE14_M_create_nodeIJSC_EEEPSt13_Rb_tree_nodeISC_EDpOT_
FNDA:3,_ZNSt8_Rb_treeISt4pairIiN7doctest6StringEES0_IKS3_PFPNS1_9IReporterERKNS1_14ContextOptionsEEESt10_Select1stISC_ESt4lessIS3_ESaISC_EE14_M_create_nodeIJSC_EEEPSt13_Rb_tree_nodeISC_EDpOT_
FN:609,_ZNSt8_Rb_treeIN7doctest6detail8TestCaseES2_St9_IdentityIS2_ESt4lessIS2_ESaIS2_EE14_M_create_nodeIJRKS2_EEEPSt13_Rb_tree_nodeIS2_EDpOT_
FNDA:6,_ZNSt8_Rb_treeIN7doctest6detail8TestCaseES2_St9_IdentityIS2_ESt4lessIS2_ESaIS2_EE14_M_create_nodeIJRKS2_EEEPSt13_Rb_tree_nodeIS2_EDpOT_
FN:618,_ZNSt8_Rb_treeIN7doctest6StringES1_St9_IdentityIS1_ESt4lessIS1_ESaIS1_EE15_M_destroy_nodeEPSt13_Rb_tree_nodeIS1_E
FNDA:0,_ZNSt8_Rb_treeIN7doctest6StringES1_St9_IdentityIS1_ESt4lessIS1_ESaIS1_EE15_M_destroy_nodeEPSt13_Rb_tree_nodeIS1_E
FN:618,_ZNSt8_Rb_treeIN7doctest6detail8TestCaseES2_St9_IdentityIS2_ESt4lessIS2_ESaIS2_EE15_M_destroy_nodeEPSt13_Rb_tree_nodeIS2_E
FNDA:6,_ZNSt8_Rb_treeIN7doctest6detail8TestCaseES2_St9_IdentityIS2_ESt4lessIS2_ESaIS2_EE15_M_destroy_nodeEPSt13_Rb_tree_nodeIS2_E
FN:618,_ZNSt8_Rb_treeISt4pairIiN7doctest6StringEES0_IKS3_PFPNS1_9IReporterERKNS1_14ContextOptionsEEESt10_Select1stISC_ESt4lessIS3_ESaISC_EE15_M_destroy_nodeEPSt13_Rb_tree_nodeISC_E
FNDA:3,_ZNSt8_Rb_treeISt4pairIiN7doctest6StringEES0_IKS3_PFPNS1_9IReporterERKNS1_14ContextOptionsEEESt10_Select1stISC_ESt4lessIS3_ESaISC_EE15_M_destroy_nodeEPSt13_Rb_tree_nodeISC_E
FN:629,_ZNSt8_Rb_treeIN7doctest6StringES1_St9_IdentityIS1_ESt4lessIS1_ESaIS1_EE12_M_drop_nodeEPSt13_Rb_tree_nodeIS1_E
FNDA:0,_ZNSt8_Rb_treeIN7doctest6StringES1_St9_IdentityIS1_ESt4lessIS1_ESaIS1_EE12_M_drop_nodeEPSt13_Rb_tree_nodeIS1_E
FN:629,_ZNSt8_Rb_treeISt4pairIiN7doctest6StringEES0_IKS3_PFPNS1_9IReporterERKNS1_14ContextOptionsEEESt10_Select1stISC_ESt4lessIS3_ESaISC_EE12_M_drop_nodeEPSt13_Rb_tree_nodeISC_E
FNDA:3,_ZNSt8_Rb_treeISt4pairIiN7doctest6StringEES0_IKS3_PFPNS1_9IReporterERKNS1_14ContextOptionsEEESt10_Select1stISC_ESt4lessIS3_ESaISC_EE12_M_drop_nodeEPSt13_Rb_tree_nodeISC_E
FN:629,_ZNSt8_Rb_treeIN7doctest6detail8TestCaseES2_St9_IdentityIS2_ESt4lessIS2_ESaIS2_EE12_M_drop_nodeEPSt13_Rb_tree_nodeIS2_E
FNDA:6,_ZNSt8_Rb_treeIN7doctest6detail8TestCaseES2_St9_IdentityIS2_ESt4lessIS2_ESaIS2_EE12_M_drop_nodeEPSt13_Rb_tree_nodeIS2_E
FN:667,_ZNSt8_Rb_treeIN7doctest6detail8TestCaseES2_St9_IdentityIS2_ESt4lessIS2_ESaIS2_EE13_Rb_tree_implIS6_Lb1EEC2Ev
FNDA:1,_ZNSt8_Rb_treeIN7doctest6detail8TestCaseES2_St9_IdentityIS2_ESt4lessIS2_ESaIS2_EE13_Rb_tree_implIS6_Lb1EEC2Ev
FN:667,_ZNSt8_Rb_treeISt4pairIiN7doctest6StringEES0_IKS3_PFPNS1_9IReporterERKNS1_14ContextOptionsEEESt10_Select1stISC_ESt4lessIS3_ESaISC_EE13_Rb_tree_implISG_Lb1EEC2Ev
FNDA:2,_ZNSt8_Rb_treeISt4pairIiN7doctest6StringEES0_IKS3_PFPNS1_9IReporterERKNS1_14ContextOptionsEEESt10_Select1stISC_ESt4lessIS3_ESaISC_EE13_Rb_tree_implISG_Lb1EEC2Ev
FN:667,_ZNSt8_Rb_treeIN7doctest6StringES1_St9_IdentityIS1_ESt4lessIS1_ESaIS1_EE13_Rb_tree_implIS5_Lb1EEC2Ev
FNDA:1,_ZNSt8_Rb_treeIN7doctest6StringES1_St9_IdentityIS1_ESt4lessIS1_ESaIS1_EE13_Rb_tree_implIS5_Lb1EEC2Ev
FN:734,_ZNKSt8_Rb_treeIN7doctest6StringES1_St9_IdentityIS1_ESt4lessIS1_ESaIS1_EE9_M_mbeginEv
FNDA:1,_ZNKSt8_Rb_treeIN7doctest6StringES1_St9_IdentityIS1_ESt4lessIS1_ESaIS1_EE9_M_mbeginEv
FN:734,_ZNKSt8_Rb_treeISt4pairIiN7doctest6StringEES0_IKS3_PFPNS1_9IReporterERKNS1_14ContextOptionsEEESt10_Select1stISC_ESt4lessIS3_ESaISC_EE9_M_mbeginEv
FNDA:5,_ZNKSt8_Rb_treeISt4pairIiN7doctest6StringEES0_IKS3_PFPNS1_9IReporterERKNS1_14ContextOptionsEEESt10_Select1stISC_ESt4lessIS3_ESaISC_EE9_M_mbeginEv
FN:734,_ZNKSt8_Rb_treeIN7doctest6detail8TestCaseES2_St9_IdentityIS2_ESt4lessIS2_ESaIS2_EE9_M_mbeginEv
FNDA:7,_ZNKSt8_Rb_treeIN7doctest6detail8TestCaseES2_St9_IdentityIS2_ESt4lessIS2_ESaIS2_EE9_M_mbeginEv
FN:738,_ZNSt8_Rb_treeIN7doctest6detail8TestCaseES2_St9_IdentityIS2_ESt4lessIS2_ESaIS2_EE8_M_beginEv
FNDA:7,_ZNSt8_Rb_treeIN7doctest6detail8TestCaseES2_St9_IdentityIS2_ESt4lessIS2_ESaIS2_EE8_M_beginEv
FN:738,_ZNSt8_Rb_treeIN7doctest6StringES1_St9_IdentityIS1_ESt4lessIS1_ESaIS1_EE8_M_beginEv
FNDA:1,_ZNSt8_Rb_treeIN7doctest6StringES1_St9_IdentityIS1_ESt4lessIS1_ESaIS1_EE8_M_beginEv
FN:738,_ZNSt8_Rb_treeISt4pairIiN7doctest6StringEES0_IKS3_PFPNS1_9IReporterERKNS1_14ContextOptionsEEESt10_Select1stISC_ESt4lessIS3_ESaISC_EE8_M_beginEv
FNDA:5,_ZNSt8_Rb_treeISt4pairIiN7doctest6StringEES0_IKS3_PFPNS1_9IReporterERKNS1_14ContextOptionsEEESt10_Select1stISC_ESt4lessIS3_ESaISC_EE8_M_beginEv
FN:742,_ZNKSt8_Rb_treeIN7doctest6StringES1_St9_IdentityIS1_ESt4lessIS1_ESaIS1_EE8_M_beginEv
FNDA:0,_ZNKSt8_Rb_treeIN7doctest6StringES1_St9_IdentityIS1_ESt4lessIS1_ESaIS1_EE8_M_beginEv
FN:749,_ZNSt8_Rb_treeISt4pairIiN7doctest6StringEES0_IKS3_PFPNS1_9IReporterERKNS1_14ContextOptionsEEESt10_Select1stISC_ESt4lessIS3_ESaISC_EE6_M_endEv
FNDA:6,_ZNSt8_Rb_treeISt4pairIiN7doctest6StringEES0_IKS3_PFPNS1_9IReporterERKNS1_14ContextOptionsEEESt10_Select1stISC_ESt4lessIS3_ESaISC_EE6_M_endEv
FN:749,_ZNSt8_Rb_treeIN7doctest6detail8TestCaseES2_St9_IdentityIS2_ESt4lessIS2_ESaIS2_EE6_M_endEv
FNDA:12,_ZNSt8_Rb_treeIN7doctest6detail8TestCaseES2_St9_IdentityIS2_ESt4lessIS2_ESaIS2_EE6_M_endEv
FN:749,_ZNSt8_Rb_treeIN7doctest6StringES1_St9_IdentityIS1_ESt4lessIS1_ESaIS1_EE6_M_endEv
FNDA:0,_ZNSt8_Rb_treeIN7doctest6StringES1_St9_IdentityIS1_ESt4lessIS1_ESaIS1_EE6_M_endEv
FN:753,_ZNKSt8_Rb_treeIN7doctest6StringES1_St9_IdentityIS1_ESt4lessIS1_ESaIS1_EE6_M_endEv
FNDA:0,_ZNKSt8_Rb_treeIN7doctest6StringES1_St9_IdentityIS1_ESt4lessIS1_ESaIS1_EE6_M_endEv
FN:757,_ZNSt8_Rb_treeISt4pairIiN7doctest6StringEES0_IKS3_PFPNS1_9IReporterERKNS1_14ContextOptionsEEESt10_Select1stISC_ESt4lessIS3_ESaISC_EE6_S_keyEPKSt13_Rb_tree_nodeISC_E
FNDA:5,_ZNSt8_Rb_treeISt4pairIiN7doctest6StringEES0_IKS3_PFPNS1_9IReporterERKNS1_14ContextOptionsEEESt10_Select1stISC_ESt4lessIS3_ESaISC_EE6_S_keyEPKSt13_Rb_tree_nodeISC_E
FN:757,_ZNSt8_Rb_treeIN7doctest6detail8TestCaseES2_St9_IdentityIS2_ESt4lessIS2_ESaIS2_EE6_S_keyEPKSt13_Rb_tree_nodeIS2_E
FNDA:21,_ZNSt8_Rb_treeIN7doctest6detail8TestCaseES2_St9_IdentityIS2_ESt4lessIS2_ESaIS2_EE6_S_keyEPKSt13_Rb_tree_nodeIS2_E
FN:757,_ZNSt8_Rb_treeIN7doctest6StringES1_St9_IdentityIS1_ESt4lessIS1_ESaIS1_EE6_S_keyEPKSt13_Rb_tree_nodeIS1_E
FNDA:0,_ZNSt8_Rb_treeIN7doctest6StringES1_St9_IdentityIS1_ESt4lessIS1_ESaIS1_EE6_S_keyEPKSt13_Rb_tree_nodeIS1_E
FN:779,_ZNSt8_Rb_treeISt4pairIiN7doctest6StringEES0_IKS3_PFPNS1_9IReporterERKNS1_14ContextOptionsEEESt10_Select1stISC_ESt4lessIS3_ESaISC_EE7_S_leftEPSt18_Rb_tree_node_base
FNDA:6,_ZNSt8_Rb_treeISt4pairIiN7doctest6StringEES0_IKS3_PFPNS1_9IReporterERKNS1_14ContextOptionsEEESt10_Select1stISC_ESt4lessIS3_ESaISC_EE7_S_leftEPSt18_Rb_tree_node_base
FN:779,_ZNSt8_Rb_treeIN7doctest6StringES1_St9_IdentityIS1_ESt4lessIS1_ESaIS1_EE7_S_leftEPSt18_Rb_tree_node_base
FNDA:0,_ZNSt8_Rb_treeIN7doctest6StringES1_St9_IdentityIS1_ESt4lessIS1_ESaIS1_EE7_S_leftEPSt18_Rb_tree_node_base
FN:779,_ZNSt8_Rb_treeIN7doctest6detail8TestCaseES2_St9_IdentityIS2_ESt4lessIS2_ESaIS2_EE7_S_leftEPSt18_Rb_tree_node_base
FNDA:6,_ZNSt8_Rb_treeIN7doctest6detail8TestCaseES2_St9_IdentityIS2_ESt4lessIS2_ESaIS2_EE7_S_leftEPSt18_Rb_tree_node_base
FN:783,_ZNSt8_Rb_treeIN7doctest6StringES1_St9_IdentityIS1_ESt4lessIS1_ESaIS1_EE7_S_leftEPKSt18_Rb_tree_node_base
FNDA:0,_ZNSt8_Rb_treeIN7doctest6StringES1_St9_IdentityIS1_ESt4lessIS1_ESaIS1_EE7_S_leftEPKSt18_Rb_tree_node_base
FN:787,_ZNSt8_Rb_treeISt4pairIiN7doctest6StringEES0_IKS3_PFPNS1_9IReporterERKNS1_14ContextOptionsEEESt10_Select1stISC_ESt4lessIS3_ESaISC_EE8_S_rightEPSt18_Rb_tree_node_base
FNDA:3,_ZNSt8_Rb_treeISt4pairIiN7doctest6StringEES0_IKS3_PFPNS1_9IReporterERKNS1_14ContextOptionsEEESt10_Select1stISC_ESt4lessIS3_ESaISC_EE8_S_rightEPSt18_Rb_tree_node_base
FN:787,_ZNSt8_Rb_treeIN7doctest6StringES1_St9_IdentityIS1_ESt4lessIS1_ESaIS1_EE8_S_rightEPSt18_Rb_tree_node_base
FNDA:0,_ZNSt8_Rb_treeIN7doctest6StringES1_St9_IdentityIS1_ESt4lessIS1_ESaIS1_EE8_S_rightEPSt18_Rb_tree_node_base
FN:787,_ZNSt8_Rb_treeIN7doctest6detail8TestCaseES2_St9_IdentityIS2_ESt4lessIS2_ESaIS2_EE8_S_rightEPSt18_Rb_tree_node_base
FNDA:17,_ZNSt8_Rb_treeIN7doctest6detail8TestCaseES2_St9_IdentityIS2_ESt4lessIS2_ESaIS2_EE8_S_rightEPSt18_Rb_tree_node_base
FN:791,_ZNSt8_Rb_treeIN7doctest6StringES1_St9_IdentityIS1_ESt4lessIS1_ESaIS1_EE8_S_rightEPKSt18_Rb_tree_node_base
FNDA:0,_ZNSt8_Rb_treeIN7doctest6StringES1_St9_IdentityIS1_ESt4lessIS1_ESaIS1_EE8_S_rightEPKSt18_Rb_tree_node_base
FN:795,_ZNSt8_Rb_treeIN7doctest6detail8TestCaseES2_St9_IdentityIS2_ESt4lessIS2_ESaIS2_EE6_S_keyEPKSt18_Rb_tree_node_base
FNDA:10,_ZNSt8_Rb_treeIN7doctest6detail8TestCaseES2_St9_IdentityIS2_ESt4lessIS2_ESaIS2_EE6_S_keyEPKSt18_Rb_tree_node_base
FN:795,_ZNSt8_Rb_treeIN7doctest6StringES1_St9_IdentityIS1_ESt4lessIS1_ESaIS1_EE6_S_keyEPKSt18_Rb_tree_node_base
FNDA:0,_ZNSt8_Rb_treeIN7doctest6StringES1_St9_IdentityIS1_ESt4lessIS1_ESaIS1_EE6_S_keyEPKSt18_Rb_tree_node_base
FN:795,_ZNSt8_Rb_treeISt4pairIiN7doctest6StringEES0_IKS3_PFPNS1_9IReporterERKNS1_14ContextOptionsEEESt10_Select1stISC_ESt4lessIS3_ESaISC_EE6_S_keyEPKSt18_Rb_tree_node_base
FNDA:2,_ZNSt8_Rb_treeISt4pairIiN7doctest6StringEES0_IKS3_PFPNS1_9IReporterERKNS1_14ContextOptionsEEESt10_Select1stISC_ESt4lessIS3_ESaISC_EE6_S_keyEPKSt18_Rb_tree_node_base
FN:928,_ZNSt8_Rb_treeISt4pairIiN7doctest6StringEES0_IKS3_PFPNS1_9IReporterERKNS1_14ContextOptionsEEESt10_Select1stISC_ESt4lessIS3_ESaISC_EEC2Ev
FNDA:2,_ZNSt8_Rb_treeISt4pairIiN7doctest6StringEES0_IKS3_PFPNS1_9IReporterERKNS1_14ContextOptionsEEESt10_Select1stISC_ESt4lessIS3_ESaISC_EEC2Ev
FN:928,_ZNSt8_Rb_treeIN7doctest6detail8TestCaseES2_St9_IdentityIS2_ESt4lessIS2_ESaIS2_EEC2Ev
FNDA:1,_ZNSt8_Rb_treeIN7doctest6detail8TestCaseES2_St9_IdentityIS2_ESt4lessIS2_ESaIS2_EEC2Ev
FN:928,_ZNSt8_Rb_treeIN7doctest6StringES1_St9_IdentityIS1_ESt4lessIS1_ESaIS1_EEC2Ev
FNDA:1,_ZNSt8_Rb_treeIN7doctest6StringES1_St9_IdentityIS1_ESt4lessIS1_ESaIS1_EEC2Ev
FN:983,_ZNSt8_Rb_treeIN7doctest6StringES1_St9_IdentityIS1_ESt4lessIS1_ESaIS1_EED2Ev
FNDA:1,_ZNSt8_Rb_treeIN7doctest6StringES1_St9_IdentityIS1_ESt4lessIS1_ESaIS1_EED2Ev
FN:983,_ZNSt8_Rb_treeISt4pairIiN7doctest6StringEES0_IKS3_PFPNS1_9IReporterERKNS1_14ContextOptionsEEESt10_Select1stISC_ESt4lessIS3_ESaISC_EED2Ev
FNDA:2,_ZNSt8_Rb_treeISt4pairIiN7doctest6StringEES0_IKS3_PFPNS1_9IReporterERKNS1_14ContextOptionsEEESt10_Select1stISC_ESt4lessIS3_ESaISC_EED2Ev
FN:983,_ZNSt8_Rb_treeIN7doctest6detail8TestCaseES2_St9_IdentityIS2_ESt4lessIS2_ESaIS2_EED2Ev
FNDA:1,_ZNSt8_Rb_treeIN7doctest6detail8TestCaseES2_St9_IdentityIS2_ESt4lessIS2_ESaIS2_EED2Ev
FN:995,_ZNSt8_Rb_treeISt4pairIiN7doctest6StringEES0_IKS3_PFPNS1_9IReporterERKNS1_14ContextOptionsEEESt10_Select1stISC_ESt4lessIS3_ESaISC_EE5beginEv
FNDA:5,_ZNSt8_Rb_treeISt4pairIiN7doctest6StringEES0_IKS3_PFPNS1_9IReporterERKNS1_14ContextOptionsEEESt10_Select1stISC_ESt4lessIS3_ESaISC_EE5beginEv
FN:995,_ZNSt8_Rb_treeIN7doctest6StringES1_St9_IdentityIS1_ESt4lessIS1_ESaIS1_EE5beginEv
FNDA:0,_ZNSt8_Rb_treeIN7doctest6StringES1_St9_IdentityIS1_ESt4lessIS1_ESaIS1_EE5beginEv
FN:995,_ZNSt8_Rb_treeIN7doctest6detail8TestCaseES2_St9_IdentityIS2_ESt4lessIS2_ESaIS2_EE5beginEv
FNDA:1,_ZNSt8_Rb_treeIN7doctest6detail8TestCaseES2_St9_IdentityIS2_ESt4lessIS2_ESaIS2_EE5beginEv
FN:999,_ZNKSt8_Rb_treeIN7doctest6detail8TestCaseES2_St9_IdentityIS2_ESt4lessIS2_ESaIS2_EE5beginEv
FNDA:1,_ZNKSt8_Rb_treeIN7doctest6detail8TestCaseES2_St9_IdentityIS2_ESt4lessIS2_ESaIS2_EE5beginEv
FN:999,_ZNKSt8_Rb_treeISt4pairIiN7doctest6StringEES0_IKS3_PFPNS1_9IReporterERKNS1_14ContextOptionsEEESt10_Select1stISC_ESt4lessIS3_ESaISC_EE5beginEv
FNDA:0,_ZNKSt8_Rb_treeISt4pairIiN7doctest6StringEES0_IKS3_PFPNS1_9IReporterERKNS1_14ContextOptionsEEESt10_Select1stISC_ESt4lessIS3_ESaISC_EE5beginEv
FN:1003,_ZNSt8_Rb_treeISt4pairIiN7doctest6StringEES0_IKS3_PFPNS1_9IReporterERKNS1_14ContextOptionsEEESt10_Select1stISC_ESt4lessIS3_ESaISC_EE3endEv
FNDA:2,_ZNSt8_Rb_treeISt4pairIiN7doctest6StringEES0_IKS3_PFPNS1_9IReporterERKNS1_14ContextOptionsEEESt10_Select1stISC_ESt4lessIS3_ESaISC_EE3endEv
FN:1007,_ZNKSt8_Rb_treeIN7doctest6StringES1_St9_IdentityIS1_ESt4lessIS1_ESaIS1_EE3endEv
FNDA:0,_ZNKSt8_Rb_treeIN7doctest6StringES1_St9_IdentityIS1_ESt4lessIS1_ESaIS1_EE3endEv
FN:1007,_ZNKSt8_Rb_treeIN7doctest6detail8TestCaseES2_St9_IdentityIS2_ESt4lessIS2_ESaIS2_EE3endEv
FNDA:1,_ZNKSt8_Rb_treeIN7doctest6detail8TestCaseES2_St9_IdentityIS2_ESt4lessIS2_ESaIS2_EE3endEv
FN:1007,_ZNKSt8_Rb_treeISt4pairIiN7doctest6StringEES0_IKS3_PFPNS1_9IReporterERKNS1_14ContextOptionsEEESt10_Select1stISC_ESt4lessIS3_ESaISC_EE3endEv
FNDA:0,_ZNKSt8_Rb_treeISt4pairIiN7doctest6StringEES0_IKS3_PFPNS1_9IReporterERKNS1_14ContextOptionsEEESt10_Select1stISC_ESt4lessIS3_ESaISC_EE3endEv
FN:1031,_ZNKSt8_Rb_treeISt4pairIiN7doctest6StringEES0_IKS3_PFPNS1_9IReporterERKNS1_14ContextOptionsEEESt10_Select1stISC_ESt4lessIS3_ESaISC_EE4sizeEv
FNDA:0,_ZNKSt8_Rb_treeISt4pairIiN7doctest6StringEES0_IKS3_PFPNS1_9IReporterERKNS1_14ContextOptionsEEESt10_Select1stISC_ESt4lessIS3_ESaISC_EE4sizeEv
FN:1771,_ZNSt8_Rb_treeIN7doctest6detail8TestCaseES2_St9_IdentityIS2_ESt4lessIS2_ESaIS2_EE10_M_insert_IRKS2_NS8_11_Alloc_nodeEEESt17_Rb_tree_iteratorIS2_EPSt18_Rb_tree_node_baseSG_OT_RT0_
FNDA:6,_ZNSt8_Rb_treeIN7doctest6detail8TestCaseES2_St9_IdentityIS2_ESt4lessIS2_ESaIS2_EE10_M_insert_IRKS2_NS8_11_Alloc_nodeEEESt17_Rb_tree_iteratorIS2_EPSt18_Rb_tree_node_baseSG_OT_RT0_
FN:1771,_ZNSt8_Rb_treeIN7doctest6StringES1_St9_IdentityIS1_ESt4lessIS1_ESaIS1_EE10_M_insert_IS1_NS7_11_Alloc_nodeEEESt17_Rb_tree_iteratorIS1_EPSt18_Rb_tree_node_baseSD_OT_RT0_
FNDA:0,_ZNSt8_Rb_treeIN7doctest6StringES1_St9_IdentityIS1_ESt4lessIS1_ESaIS1_EE10_M_insert_IS1_NS7_11_Alloc_nodeEEESt17_Rb_tree_iteratorIS1_EPSt18_Rb_tree_node_baseSD_OT_RT0_
FN:1771,_ZNSt8_Rb_treeISt4pairIiN7doctest6StringEES0_IKS3_PFPNS1_9IReporterERKNS1_14ContextOptionsEEESt10_Select1stISC_ESt4lessIS3_ESaISC_EE10_M_insert_ISC_NSI_11_Alloc_nodeEEESt17_Rb_tree_iteratorISC_EPSt18_Rb_tree_node_baseSO_OT_RT0_
FNDA:3,_ZNSt8_Rb_treeISt4pairIiN7doctest6StringEES0_IKS3_PFPNS1_9IReporterERKNS1_14ContextOptionsEEESt10_Select1stISC_ESt4lessIS3_ESaISC_EE10_M_insert_ISC_NSI_11_Alloc_nodeEEESt17_Rb_tree_iteratorISC_EPSt18_Rb_tree_node_baseSO_OT_RT0_
FN:1883,_ZNSt8_Rb_treeIN7doctest6StringES1_St9_IdentityIS1_ESt4lessIS1_ESaIS1_EE8_M_eraseEPSt13_Rb_tree_nodeIS1_E
FNDA:1,_ZNSt8_Rb_treeIN7doctest6StringES1_St9_IdentityIS1_ESt4lessIS1_ESaIS1_EE8_M_eraseEPSt13_Rb_tree_nodeIS1_E
FN:1883,_ZNSt8_Rb_treeIN7doctest6detail8TestCaseES2_St9_IdentityIS2_ESt4lessIS2_ESaIS2_EE8_M_eraseEPSt13_Rb_tree_nodeIS2_E
FNDA:7,_ZNSt8_Rb_treeIN7doctest6detail8TestCaseES2_St9_IdentityIS2_ESt4lessIS2_ESaIS2_EE8_M_eraseEPSt13_Rb_tree_nodeIS2_E
FN:1883,_ZNSt8_Rb_treeISt4pairIiN7doctest6StringEES0_IKS3_PFPNS1_9IReporterERKNS1_14ContextOptionsEEESt10_Select1stISC_ESt4lessIS3_ESaISC_EE8_M_eraseEPSt13_Rb_tree_nodeISC_E
FNDA:5,_ZNSt8_Rb_treeISt4pairIiN7doctest6StringEES0_IKS3_PFPNS1_9IReporterERKNS1_14ContextOptionsEEESt10_Select1stISC_ESt4lessIS3_ESaISC_EE8_M_eraseEPSt13_Rb_tree_nodeISC_E
FN:1916,_ZNKSt8_Rb_treeIN7doctest6StringES1_St9_IdentityIS1_ESt4lessIS1_ESaIS1_EE14_M_lower_boundEPKSt13_Rb_tree_nodeIS1_EPKSt18_Rb_tree_node_baseRKS1_
FNDA:0,_ZNKSt8_Rb_treeIN7doctest6StringES1_St9_IdentityIS1_ESt4lessIS1_ESaIS1_EE14_M_lower_boundEPKSt13_Rb_tree_nodeIS1_EPKSt18_Rb_tree_node_baseRKS1_
FN:2061,_ZNSt8_Rb_treeISt4pairIiN7doctest6StringEES0_IKS3_PFPNS1_9IReporterERKNS1_14ContextOptionsEEESt10_Select1stISC_ESt4lessIS3_ESaISC_EE24_M_get_insert_unique_posERS4_
FNDA:3,_ZNSt8_Rb_treeISt4pairIiN7doctest6StringEES0_IKS3_PFPNS1_9IReporterERKNS1_14ContextOptionsEEESt10_Select1stISC_ESt4lessIS3_ESaISC_EE24_M_get_insert_unique_posERS4_
FN:2061,_ZNSt8_Rb_treeIN7doctest6StringES1_St9_IdentityIS1_ESt4lessIS1_ESaIS1_EE24_M_get_insert_unique_posERKS1_
FNDA:0,_ZNSt8_Rb_treeIN7doctest6StringES1_St9_IdentityIS1_ESt4lessIS1_ESaIS1_EE24_M_get_insert_unique_posERKS1_
FN:2061,_ZNSt8_Rb_treeIN7doctest6detail8TestCaseES2_St9_IdentityIS2_ESt4lessIS2_ESaIS2_EE24_M_get_insert_unique_posERKS2_
FNDA:6,_ZNSt8_Rb_treeIN7doctest6detail8TestCaseES2_St9_IdentityIS2_ESt4lessIS2_ESaIS2_EE24_M_get_insert_unique_posERKS2_
FN:2115,_ZNSt8_Rb_treeISt4pairIiN7doctest6StringEES0_IKS3_PFPNS1_9IReporterERKNS1_14ContextOptionsEEESt10_Select1stISC_ESt4lessIS3_ESaISC_EE16_M_insert_uniqueISC_EES0_ISt17_Rb_tree_iteratorISC_EbEOT_
FNDA:3,_ZNSt8_Rb_treeISt4pairIiN7doctest6StringEES0_IKS3_PFPNS1_9IReporterERKNS1_14ContextOptionsEEESt10_Select1stISC_ESt4lessIS3_ESaISC_EE16_M_insert_uniqueISC_EES0_ISt17_Rb_tree_iteratorISC_EbEOT_
FN:2115,_ZNSt8_Rb_treeIN7doctest6StringES1_St9_IdentityIS1_ESt4lessIS1_ESaIS1_EE16_M_insert_uniqueIS1_EESt4pairISt17_Rb_tree_iteratorIS1_EbEOT_
FNDA:0,_ZNSt8_Rb_treeIN7doctest6StringES1_St9_IdentityIS1_ESt4lessIS1_ESaIS1_EE16_M_insert_uniqueIS1_EESt4pairISt17_Rb_tree_iteratorIS1_EbEOT_
FN:2115,_ZNSt8_Rb_treeIN7doctest6detail8TestCaseES2_St9_IdentityIS2_ESt4lessIS2_ESaIS2_EE16_M_insert_uniqueIRKS2_EESt4pairISt17_Rb_tree_iteratorIS2_EbEOT_
FNDA:6,_ZNSt8_Rb_treeIN7doctest6detail8TestCaseES2_St9_IdentityIS2_ESt4lessIS2_ESaIS2_EE16_M_insert_uniqueIRKS2_EESt4pairISt17_Rb_tree_iteratorIS2_EbEOT_
FN:2533,_ZNKSt8_Rb_treeIN7doctest6StringES1_St9_IdentityIS1_ESt4lessIS1_ESaIS1_EE4findERKS1_
FNDA:0,_ZNKSt8_Rb_treeIN7doctest6StringES1_St9_IdentityIS1_ESt4lessIS1_ESaIS1_EE4findERKS1_
DA:146,1
DA:150,1
DA:146,1
DA:150,1
DA:146,2
DA:150,2
DA:173,4
DA:174,4
DA:175,4
DA:176,4
DA:177,4
DA:206,4
DA:208,4
DA:209,4
DA:210,4
DA:211,4
DA:212,4
DA:234,0
DA:235,0
DA:234,12
DA:235,12
DA:234,9
DA:235,9
DA:238,0
DA:239,0
DA:238,27
DA:239,27
DA:238,5
DA:239,5
DA:273,0
DA:274,0
DA:273,13
DA:274,13
DA:273,13
DA:274,13
DA:277,3
DA:278,3
DA:285,3
DA:287,3
DA:288,3
DA:300,0
DA:302,0
DA:303,0
DA:300,0
DA:302,0
DA:303,0
DA:300,0
DA:302,0
DA:303,0
DA:315,3
DA:316,3
DA:315,0
DA:316,0
DA:315,1
DA:316,1
DA:320,5
DA:321,5
DA:347,0
DA:348,0
DA:347,2
DA:348,2
DA:347,0
DA:348,0
DA:350,0
DA:351,0
DA:350,6
DA:351,6
DA:358,6
DA:359,6
DA:358,0
DA:359,0
DA:366,6
DA:368,6
DA:369,6
DA:366,0
DA:368,0
DA:369,0
DA:396,0
DA:397,0
DA:401,7
DA:402,7
DA:401,0
DA:402,0
DA:523,3
DA:524,3
DA:523,0
DA:524,0
DA:523,6
DA:524,6
DA:528,3
DA:529,3
DA:528,0
DA:529,0
DA:528,6
DA:529,6
DA:547,0
DA:548,0
DA:547,24
DA:548,24
DA:547,12
DA:548,12
DA:560,3
DA:561,3
DA:560,0
DA:561,0
DA:560,6
DA:561,6
DA:564,0
DA:565,0
DA:564,6
DA:565,6
DA:564,3
DA:565,3
DA:590,3
DA:594,3
DA:595,3
DA:599,0
DA:601,0
DA:602,0
DA:603,0
DA:605,3
DA:590,0
DA:594,0
DA:595,0
DA:605,0
DA:590,6
DA:594,6
DA:595,6
DA:599,0
DA:601,0
DA:602,0
DA:603,0
DA:605,6
DA:609,3
DA:611,3
DA:612,3
DA:613,3
DA:609,0
DA:611,0
DA:612,0
DA:613,0
DA:609,6
DA:611,6
DA:612,6
DA:613,6
DA:618,0
DA:623,0
DA:624,0
DA:626,0
DA:618,6
DA:623,6
DA:624,6
DA:626,6
DA:618,3
DA:623,3
DA:624,3
DA:626,3
DA:629,0
DA:631,0
DA:632,0
DA:633,0
DA:629,6
DA:631,6
DA:632,6
DA:633,6
DA:629,3
DA:631,3
DA:632,3
DA:633,3
DA:667,1
DA:671,1
DA:672,1
DA:667,1
DA:671,1
DA:672,1
DA:667,2
DA:671,2
DA:672,2
DA:734,1
DA:735,1
DA:734,7
DA:735,7
DA:734,5
DA:735,5
DA:738,1
DA:739,1
DA:738,7
DA:739,7
DA:738,5
DA:739,5
DA:742,0
DA:745,0
DA:749,6
DA:750,6
DA:749,0
DA:750,0
DA:749,12
DA:750,12
DA:753,0
DA:754,0
DA:757,5
DA:757,0
DA:757,21
DA:775,26
DA:779,0
DA:780,0
DA:779,6
DA:780,6
DA:779,6
DA:780,6
DA:783,0
DA:784,0
DA:787,0
DA:788,0
DA:787,17
DA:788,17
DA:787,3
DA:788,3
DA:791,0
DA:792,0
DA:795,2
DA:796,2
DA:795,10
DA:796,10
DA:795,0
DA:796,0
DA:928,1
DA:928,1
DA:928,2
DA:983,1
DA:984,1
DA:983,1
DA:984,1
DA:983,2
DA:984,2
DA:995,0
DA:996,0
DA:995,1
DA:996,1
DA:995,5
DA:996,5
DA:999,1
DA:1000,1
DA:999,0
DA:1000,0
DA:1003,2
DA:1004,2
DA:1007,0
DA:1008,0
DA:1007,1
DA:1008,1
DA:1007,0
DA:1008,0
DA:1031,0
DA:1032,0
DA:1771,3
DA:1780,3
DA:1781,6
DA:1784,3
DA:1786,3
DA:1787,3
DA:1788,3
DA:1789,3
DA:1771,0
DA:1780,0
DA:1781,0
DA:1784,0
DA:1786,0
DA:1787,0
DA:1788,0
DA:1789,0
DA:1771,6
DA:1780,6
DA:1781,12
DA:1784,6
DA:1786,6
DA:1787,6
DA:1788,6
DA:1789,6
DA:1883,1
DA:1887,1
DA:1889,0
DA:1890,0
DA:1891,0
DA:1892,0
DA:1894,1
DA:1883,7
DA:1887,13
DA:1889,6
DA:1890,6
DA:1891,6
DA:1892,6
DA:1894,7
DA:1883,5
DA:1887,8
DA:1889,3
DA:1890,3
DA:1891,3
DA:1892,3
DA:1894,5
DA:1916,0
DA:1920,0
DA:1921,0
DA:1922,0
DA:1924,0
DA:1925,0
DA:2061,3
DA:2065,3
DA:2066,3
DA:2067,3
DA:2068,6
DA:2070,3
DA:2071,3
DA:2072,3
DA:2074,3
DA:2075,3
DA:2077,3
DA:2078,3
DA:2080,0
DA:2082,0
DA:2083,0
DA:2084,0
DA:2061,0
DA:2065,0
DA:2066,0
DA:2067,0
DA:2068,0
DA:2070,0
DA:2071,0
DA:2072,0
DA:2074,0
DA:2075,0
DA:2077,0
DA:2078,0
DA:2080,0
DA:2082,0
DA:2083,0
DA:2084,0
DA:2061,6
DA:2065,6
DA:2066,6
DA:2067,6
DA:2068,17
DA:2070,11
DA:2071,11
DA:2072,11
DA:2074,6
DA:2075,6
DA:2077,1
DA:2078,1
DA:2080,0
DA:2082,5
DA:2083,5
DA:2084,0
DA:2115,3
DA:2124,3
DA:2126,3
DA:2128,3
DA:2129,3
DA:2131,3
DA:2134,0
DA:2115,0
DA:2124,0
DA:2126,0
DA:2128,0
DA:2129,0
DA:2131,0
DA:2134,0
DA:2115,6
DA:2124,6
DA:2126,6
DA:2128,6
DA:2129,6
DA:2131,6
DA:2134,0
DA:2533,0
DA:2536,0
DA:2537,0
DA:2538,0
DA:2539,0
end_of_record
SF:/usr/include/c++/11/bits/ios_base.h
FN:83,_ZStanSt13_Ios_FmtflagsS_
FNDA:2,_ZStanSt13_Ios_FmtflagsS_
FN:87,_ZStorSt13_Ios_FmtflagsS_
FNDA:1,_ZStorSt13_Ios_FmtflagsS_
FN:95,_ZStcoSt13_Ios_Fmtflags
FNDA:1,_ZStcoSt13_Ios_Fmtflags
FN:99,_ZStoRRSt13_Ios_FmtflagsS_
FNDA:1,_ZStoRRSt13_Ios_FmtflagsS_
FN:103,_ZStaNRSt13_Ios_FmtflagsS_
FNDA:1,_ZStaNRSt13_Ios_FmtflagsS_
FN:129,_ZStorSt13_Ios_OpenmodeS_
FNDA:0,_ZStorSt13_Ios_OpenmodeS_
FN:649,_ZNKSt8ios_base5flagsEv
FNDA:0,_ZNKSt8ios_base5flagsEv
FN:660,_ZNSt8ios_base5flagsESt13_Ios_Fmtflags
FNDA:0,_ZNSt8ios_base5flagsESt13_Ios_Fmtflags
FN:676,_ZNSt8ios_base4setfESt13_Ios_Fmtflags
FNDA:0,_ZNSt8ios_base4setfESt13_Ios_Fmtflags
FN:693,_ZNSt8ios_base4setfESt13_Ios_FmtflagsS0_
FNDA:1,_ZNSt8ios_base4setfESt13_Ios_FmtflagsS0_
FN:988,_ZSt9uppercaseRSt8ios_base
FNDA:0,_ZSt9uppercaseRSt8ios_base
FN:1046,_ZSt3decRSt8ios_base
FNDA:1,_ZSt3decRSt8ios_base
FN:1054,_ZSt3hexRSt8ios_base
FNDA:0,_ZSt3hexRSt8ios_base
FN:1071,_ZSt5fixedRSt8ios_base
FNDA:0,_ZSt5fixedRSt8ios_base
DA:83,2
DA:84,2
DA:87,1
DA:88,1
DA:95,1
DA:96,1
DA:99,1
DA:100,1
DA:103,1
DA:104,1
DA:129,0
DA:130,0
DA:649,0
DA:650,0
DA:660,0
DA:662,0
DA:663,0
DA:664,0
DA:676,0
DA:678,0
DA:679,0
DA:680,0
DA:693,1
DA:695,1
DA:696,1
DA:697,1
DA:698,1
DA:988,0
DA:990,0
DA:991,0
DA:1046,1
DA:1048,1
DA:1049,1
DA:1054,0
DA:1056,0
DA:1057,0
DA:1071,0
DA:1073,0
DA:1074,0
end_of_record
SF:/home/lubuntu/Documents/github/xmake/csd-xmake/tests/test_csd.cpp
FN:10,_ZL20DOCTEST_ANON_FUNC_13v
FNDA:1,_ZL20DOCTEST_ANON_FUNC_13v
FN:16,_ZL20DOCTEST_ANON_FUNC_15v
FNDA:1,_ZL20DOCTEST_ANON_FUNC_15v
FN:21,_ZL20DOCTEST_ANON_FUNC_17v
FNDA:1,_ZL20DOCTEST_ANON_FUNC_17v
FN:26,_ZL20DOCTEST_ANON_FUNC_19v
FNDA:1,_ZL20DOCTEST_ANON_FUNC_19v
FN:28,_ZL20DOCTEST_ANON_FUNC_21v
FNDA:1,_ZL20DOCTEST_ANON_FUNC_21v
FN:30,_ZL20DOCTEST_ANON_FUNC_23v
FNDA:1,_ZL20DOCTEST_ANON_FUNC_23v
DA:10,1
DA:11,2
DA:12,2
DA:13,2
DA:14,1
DA:16,1
DA:17,2
DA:18,2
DA:19,1
DA:21,1
DA:22,2
DA:23,2
DA:24,1
DA:26,2
DA:28,2
DA:30,1
DA:31,2
DA:32,1
end_of_record
SF:/usr/include/c++/11/bits/move.h
FN:49,_ZSt11__addressofINSt8__detail10_Hash_nodeIyLb0EEEEPT_RS3_
FNDA:0,_ZSt11__addressofINSt8__detail10_Hash_nodeIyLb0EEEEPT_RS3_
FN:49,_ZSt11__addressofIPNSt8__detail15_Hash_node_baseEEPT_RS3_
FNDA:0,_ZSt11__addressofIPNSt8__detail15_Hash_node_baseEEPT_RS3_
FN:49,_ZSt11__addressofISt4fposI11__mbstate_tEEPT_RS3_
FNDA:0,_ZSt11__addressofISt4fposI11__mbstate_tEEPT_RS3_
[...]
DA:155,0
DA:154,0
DA:155,0
DA:154,0
DA:155,0
DA:154,1
DA:155,1
DA:160,1
DA:162,1
DA:160,0
DA:162,0
DA:160,0
DA:162,0
DA:160,0
DA:162,0
DA:160,0
DA:162,0
DA:160,0
DA:162,0
DA:160,0
DA:162,0
DA:160,0
DA:162,0
DA:160,0
DA:162,0
DA:160,0
DA:162,0
DA:160,1
DA:162,1
DA:160,0
DA:162,0
DA:160,6
DA:162,6
DA:160,0
DA:162,0
DA:160,0
DA:162,0
DA:160,6
DA:162,6
DA:160,0
DA:162,0
DA:160,3
DA:162,3
DA:160,0
DA:162,0
DA:160,0
DA:162,0
DA:160,0
DA:162,0
DA:166,0
DA:168,0
DA:166,0
DA:168,0
DA:166,6
DA:168,6
DA:166,3
DA:168,3
DA:166,0
DA:168,0
DA:166,0
DA:168,0
DA:166,0
DA:168,0
DA:166,0
DA:168,0
DA:166,0
DA:168,0
DA:166,0
DA:168,0
DA:166,0
DA:168,0
DA:166,0
DA:168,0
DA:166,0
DA:168,0
DA:166,0
DA:168,0
DA:166,0
DA:168,0
DA:197,0
DA:200,0
DA:197,2
DA:200,2
DA:197,0
DA:200,0
DA:197,0
DA:200,0
DA:197,0
DA:200,0
DA:197,0
DA:200,0
DA:197,0
DA:200,0
DA:197,3
DA:200,3
DA:197,0
DA:200,0
DA:197,0
DA:200,0
DA:197,3
DA:200,3
DA:197,12
DA:200,12
DA:197,0
DA:200,0
DA:197,0
DA:200,0
DA:197,6
DA:200,6
DA:197,0
DA:200,0
DA:197,3
DA:200,3
end_of_record
SF:/usr/include/c++/11/bits/stl_algobase.h
FN:152,_ZSt9iter_swapIN9__gnu_cxx17__normal_iteratorIPPKN7doctest6detail8TestCaseESt6vectorIS6_SaIS6_EEEESB_EvT_T0_
FNDA:0,_ZSt9iter_swapIN9__gnu_cxx17__normal_iteratorIPPKN7doctest6detail8TestCaseESt6vectorIS6_SaIS6_EEEESB_EvT_T0_
FN:230,_ZSt3minImERKT_S2_S2_
FNDA:15,_ZSt3minImERKT_S2_S2_
FN:230,_ZSt3minIjERKT_S2_S2_
FNDA:0,_ZSt3minIjERKT_S2_S2_
FN:254,_ZSt3maxImERKT_S2_S2_
FNDA:6,_ZSt3maxImERKT_S2_S2_
FN:254,_ZSt3maxIdERKT_S2_S2_
FNDA:6,_ZSt3maxIdERKT_S2_S2_
FN:254,_ZSt3maxIjERKT_S2_S2_
FNDA:3,_ZSt3maxIjERKT_S2_S2_
FN:313,_ZSt12__niter_baseIPN7doctest12_GLOBAL__N_113JUnitReporter17JUnitTestCaseData13JUnitTestCaseEET_S6_
FNDA:0,_ZSt12__niter_baseIPN7doctest12_GLOBAL__N_113JUnitReporter17JUnitTestCaseData13JUnitTestCaseEET_S6_
FN:313,_ZSt12__niter_baseIPPKN7doctest12TestCaseDataEET_S5_
FNDA:0,_ZSt12__niter_baseIPPKN7doctest12TestCaseDataEET_S5_
FN:313,_ZSt12__niter_baseIPPKN7doctest6detail8TestCaseEET_S6_
FNDA:24,_ZSt12__niter_baseIPPKN7doctest6detail8TestCaseEET_S6_
FN:313,_ZSt12__niter_baseIPPN7doctest13IContextScopeEET_S4_
FNDA:0,_ZSt12__niter_baseIPPN7doctest13IContextScopeEET_S4_
FN:313,_ZSt12__niter_baseIPSt4fposI11__mbstate_tEET_S4_
FNDA:0,_ZSt12__niter_baseIPSt4fposI11__mbstate_tEET_S4_
FN:313,_ZSt12__niter_baseIPPN7doctest9IReporterEET_S4_
FNDA:6,_ZSt12__niter_baseIPPN7doctest9IReporterEET_S4_
FN:313,_ZSt12__niter_baseIPN7doctest6StringEET_S3_
FNDA:6,_ZSt12__niter_baseIPN7doctest6StringEET_S3_
FN:313,_ZSt12__niter_baseIPN7doctest12_GLOBAL__N_113JUnitReporter17JUnitTestCaseData16JUnitTestMessageEET_S6_
FNDA:0,_ZSt12__niter_baseIPN7doctest12_GLOBAL__N_113JUnitReporter17JUnitTestCaseData16JUnitTestMessageEET_S6_
FN:313,_ZSt12__niter_baseIPNSt7__cxx1112basic_stringIcSt11char_traitsIcESaIcEEEET_S7_
FNDA:0,_ZSt12__niter_baseIPNSt7__cxx1112basic_stringIcSt11char_traitsIcESaIcEEEET_S7_
FN:313,_ZSt12__niter_baseIPPKN7doctest6detail20IExceptionTranslatorEET_S6_
FNDA:0,_ZSt12__niter_baseIPPKN7doctest6detail20IExceptionTranslatorEET_S6_
FN:313,_ZSt12__niter_baseIPN7doctest16SubcaseSignatureEET_S3_
FNDA:0,_ZSt12__niter_baseIPN7doctest16SubcaseSignatureEET_S3_
FN:328,_ZSt12__niter_wrapIN9__gnu_cxx17__normal_iteratorIPN7doctest16SubcaseSignatureESt6vectorIS3_SaIS3_EEEES4_ET_S9_T0_
FNDA:0,_ZSt12__niter_wrapIN9__gnu_cxx17__normal_iteratorIPN7doctest16SubcaseSignatureESt6vectorIS3_SaIS3_EEEES4_ET_S9_T0_
FN:328,_ZSt12__niter_wrapIN9__gnu_cxx17__normal_iteratorIPPKN7doctest6detail8TestCaseESt6vectorIS6_SaIS6_EEEES7_ET_SC_T0_
FNDA:0,_ZSt12__niter_wrapIN9__gnu_cxx17__normal_iteratorIPPKN7doctest6detail8TestCaseESt6vectorIS6_SaIS6_EEEES7_ET_SC_T0_
FN:335,_ZSt12__niter_wrapIPPN7doctest13IContextScopeEET_RKS4_S4_
FNDA:0,_ZSt12__niter_wrapIPPN7doctest13IContextScopeEET_RKS4_S4_
FN:335,_ZSt12__niter_wrapIPPKN7doctest6detail8TestCaseEET_RKS6_S6_
FNDA:0,_ZSt12__niter_wrapIPPKN7doctest6detail8TestCaseEET_RKS6_S6_
FN:335,_ZSt12__niter_wrapIPPN7doctest9IReporterEET_RKS4_S4_
FNDA:0,_ZSt12__niter_wrapIPPN7doctest9IReporterEET_RKS4_S4_
FN:335,_ZSt12__niter_wrapIPPKN7doctest12TestCaseDataEET_RKS5_S5_
FNDA:0,_ZSt12__niter_wrapIPPKN7doctest12TestCaseDataEET_RKS5_S5_
FN:335,_ZSt12__niter_wrapIPPKN7doctest6detail20IExceptionTranslatorEET_RKS6_S6_
FNDA:0,_ZSt12__niter_wrapIPPKN7doctest6detail20IExceptionTranslatorEET_RKS6_S6_
FN:335,_ZSt12__niter_wrapIPN7doctest16SubcaseSignatureEET_RKS3_S3_
FNDA:0,_ZSt12__niter_wrapIPN7doctest16SubcaseSignatureEET_RKS3_S3_
FN:380,_ZNSt11__copy_moveILb0ELb0ESt26random_access_iterator_tagE8__copy_mIPN7doctest16SubcaseSignatureES5_EET0_T_S7_S6_
FNDA:0,_ZNSt11__copy_moveILb0ELb0ESt26random_access_iterator_tagE8__copy_mIPN7doctest16SubcaseSignatureES5_EET0_T_S7_S6_
FN:420,_ZNSt11__copy_moveILb1ELb1ESt26random_access_iterator_tagE8__copy_mIPKN7doctest6detail8TestCaseEEEPT_PKS8_SB_S9_
FNDA:0,_ZNSt11__copy_moveILb1ELb1ESt26random_access_iterator_tagE8__copy_mIPKN7doctest6detail8TestCaseEEEPT_PKS8_SB_S9_
FN:420,_ZNSt11__copy_moveILb1ELb1ESt26random_access_iterator_tagE8__copy_mIPKN7doctest12TestCaseDataEEEPT_PKS7_SA_S8_
FNDA:0,_ZNSt11__copy_moveILb1ELb1ESt26random_access_iterator_tagE8__copy_mIPKN7doctest12TestCaseDataEEEPT_PKS7_SA_S8_
FN:420,_ZNSt11__copy_moveILb1ELb1ESt26random_access_iterator_tagE8__copy_mIPN7doctest9IReporterEEEPT_PKS6_S9_S7_
FNDA:0,_ZNSt11__copy_moveILb1ELb1ESt26random_access_iterator_tagE8__copy_mIPN7doctest9IReporterEEEPT_PKS6_S9_S7_
FN:420,_ZNSt11__copy_moveILb1ELb1ESt26random_access_iterator_tagE8__copy_mIPN7doctest13IContextScopeEEEPT_PKS6_S9_S7_
FNDA:0,_ZNSt11__copy_moveILb1ELb1ESt26random_access_iterator_tagE8__copy_mIPN7doctest13IContextScopeEEEPT_PKS6_S9_S7_
FN:420,_ZNSt11__copy_moveILb1ELb1ESt26random_access_iterator_tagE8__copy_mIPKN7doctest6detail20IExceptionTranslatorEEEPT_PKS8_SB_S9_
FNDA:0,_ZNSt11__copy_moveILb1ELb1ESt26random_access_iterator_tagE8__copy_mIPKN7doctest6detail20IExceptionTranslatorEEEPT_PKS8_SB_S9_
FN:486,_ZSt14__copy_move_a2ILb1EPPN7doctest13IContextScopeES3_ET1_T0_S5_S4_
FNDA:0,_ZSt14__copy_move_a2ILb1EPPN7doctest13IContextScopeES3_ET1_T0_S5_S4_
FN:486,_ZSt14__copy_move_a2ILb1EPPKN7doctest6detail20IExceptionTranslatorES5_ET1_T0_S7_S6_
FNDA:0,_ZSt14__copy_move_a2ILb1EPPKN7doctest6detail20IExceptionTranslatorES5_ET1_T0_S7_S6_
FN:486,_ZSt14__copy_move_a2ILb0EPN7doctest16SubcaseSignatureES2_ET1_T0_S4_S3_
FNDA:0,_ZSt14__copy_move_a2ILb0EPN7doctest16SubcaseSignatureES2_ET1_T0_S4_S3_
FN:486,_ZSt14__copy_move_a2ILb1EPPN7doctest9IReporterES3_ET1_T0_S5_S4_
FNDA:0,_ZSt14__copy_move_a2ILb1EPPN7doctest9IReporterES3_ET1_T0_S5_S4_
FN:486,_ZSt14__copy_move_a2ILb1EPPKN7doctest6detail8TestCaseES5_ET1_T0_S7_S6_
FNDA:0,_ZSt14__copy_move_a2ILb1EPPKN7doctest6detail8TestCaseES5_ET1_T0_S7_S6_
FN:486,_ZSt14__copy_move_a2ILb1EPPKN7doctest12TestCaseDataES4_ET1_T0_S6_S5_
FNDA:0,_ZSt14__copy_move_a2ILb1EPPKN7doctest12TestCaseDataES4_ET1_T0_S6_S5_
FN:521,_ZSt14__copy_move_a1ILb1EPPKN7doctest6detail20IExceptionTranslatorES5_ET1_T0_S7_S6_
FNDA:0,_ZSt14__copy_move_a1ILb1EPPKN7doctest6detail20IExceptionTranslatorES5_ET1_T0_S7_S6_
FN:521,_ZSt14__copy_move_a1ILb0EPN7doctest16SubcaseSignatureES2_ET1_T0_S4_S3_
FNDA:0,_ZSt14__copy_move_a1ILb0EPN7doctest16SubcaseSignatureES2_ET1_T0_S4_S3_
FN:521,_ZSt14__copy_move_a1ILb1EPPKN7doctest12TestCaseDataES4_ET1_T0_S6_S5_
FNDA:0,_ZSt14__copy_move_a1ILb1EPPKN7doctest12TestCaseDataES4_ET1_T0_S6_S5_
FN:521,_ZSt14__copy_move_a1ILb1EPPKN7doctest6detail8TestCaseES5_ET1_T0_S7_S6_
FNDA:0,_ZSt14__copy_move_a1ILb1EPPKN7doctest6detail8TestCaseES5_ET1_T0_S7_S6_
FN:521,_ZSt14__copy_move_a1ILb1EPPN7doctest13IContextScopeES3_ET1_T0_S5_S4_
FNDA:0,_ZSt14__copy_move_a1ILb1EPPN7doctest13IContextScopeES3_ET1_T0_S5_S4_
FN:521,_ZSt14__copy_move_a1ILb1EPPN7doctest9IReporterES3_ET1_T0_S5_S4_
FNDA:0,_ZSt14__copy_move_a1ILb1EPPN7doctest9IReporterES3_ET1_T0_S5_S4_
FN:527,_ZSt13__copy_move_aILb0EN9__gnu_cxx17__normal_iteratorIPN7doctest16SubcaseSignatureESt6vectorIS3_SaIS3_EEEES8_ET1_T0_SA_S9_
FNDA:0,_ZSt13__copy_move_aILb0EN9__gnu_cxx17__normal_iteratorIPN7doctest16SubcaseSignatureESt6vectorIS3_SaIS3_EEEES8_ET1_T0_SA_S9_
FN:527,_ZSt13__copy_move_aILb1EPPN7doctest13IContextScopeES3_ET1_T0_S5_S4_
FNDA:0,_ZSt13__copy_move_aILb1EPPN7doctest13IContextScopeES3_ET1_T0_S5_S4_
FN:527,_ZSt13__copy_move_aILb1EPPN7doctest9IReporterES3_ET1_T0_S5_S4_
FNDA:0,_ZSt13__copy_move_aILb1EPPN7doctest9IReporterES3_ET1_T0_S5_S4_
FN:527,_ZSt13__copy_move_aILb1EPPKN7doctest6detail8TestCaseES5_ET1_T0_S7_S6_
FNDA:0,_ZSt13__copy_move_aILb1EPPKN7doctest6detail8TestCaseES5_ET1_T0_S7_S6_
FN:527,_ZSt13__copy_move_aILb1EPPKN7doctest12TestCaseDataES4_ET1_T0_S6_S5_
FNDA:0,_ZSt13__copy_move_aILb1EPPKN7doctest12TestCaseDataES4_ET1_T0_S6_S5_
FN:527,_ZSt13__copy_move_aILb1EPPKN7doctest6detail20IExceptionTranslatorES5_ET1_T0_S7_S6_
FNDA:0,_ZSt13__copy_move_aILb1EPPKN7doctest6detail20IExceptionTranslatorES5_ET1_T0_S7_S6_
FN:611,_ZSt4copyIN9__gnu_cxx17__normal_iteratorIPN7doctest16SubcaseSignatureESt6vectorIS3_SaIS3_EEEES8_ET0_T_SA_S9_
FNDA:0,_ZSt4copyIN9__gnu_cxx17__normal_iteratorIPN7doctest16SubcaseSignatureESt6vectorIS3_SaIS3_EEEES8_ET0_T_SA_S9_
FN:611,_ZSt4copyISt13move_iteratorIPPN7doctest9IReporterEES4_ET0_T_S7_S6_
FNDA:0,_ZSt4copyISt13move_iteratorIPPN7doctest9IReporterEES4_ET0_T_S7_S6_
FN:611,_ZSt4copyISt13move_iteratorIPPKN7doctest6detail8TestCaseEES6_ET0_T_S9_S8_
FNDA:0,_ZSt4copyISt13move_iteratorIPPKN7doctest6detail8TestCaseEES6_ET0_T_S9_S8_
FN:611,_ZSt4copyISt13move_iteratorIPPKN7doctest6detail20IExceptionTranslatorEES6_ET0_T_S9_S8_
FNDA:0,_ZSt4copyISt13move_iteratorIPPKN7doctest6detail20IExceptionTranslatorEES6_ET0_T_S9_S8_
FN:611,_ZSt4copyISt13move_iteratorIPPN7doctest13IContextScopeEES4_ET0_T_S7_S6_
FNDA:0,_ZSt4copyISt13move_iteratorIPPN7doctest13IContextScopeEES4_ET0_T_S7_S6_
FN:611,_ZSt4copyISt13move_iteratorIPPKN7doctest12TestCaseDataEES5_ET0_T_S8_S7_
FNDA:0,_ZSt4copyISt13move_iteratorIPPKN7doctest12TestCaseDataEES5_ET0_T_S8_S7_
FN:714,_ZNSt20__copy_move_backwardILb1ELb0ESt26random_access_iterator_tagE13__copy_move_bIPN7doctest16SubcaseSignatureES5_EET0_T_S7_S6_
FNDA:0,_ZNSt20__copy_move_backwardILb1ELb0ESt26random_access_iterator_tagE13__copy_move_bIPN7doctest16SubcaseSignatureES5_EET0_T_S7_S6_
FN:731,_ZNSt20__copy_move_backwardILb1ELb1ESt26random_access_iterator_tagE13__copy_move_bIPKN7doctest6detail8TestCaseEEEPT_PKS8_SB_S9_
FNDA:0,_ZNSt20__copy_move_backwardILb1ELb1ESt26random_access_iterator_tagE13__copy_move_bIPKN7doctest6detail8TestCaseEEEPT_PKS8_SB_S9_
FN:731,_ZNSt20__copy_move_backwardILb1ELb1ESt26random_access_iterator_tagE13__copy_move_bIPN7doctest9IReporterEEEPT_PKS6_S9_S7_
FNDA:0,_ZNSt20__copy_move_backwardILb1ELb1ESt26random_access_iterator_tagE13__copy_move_bIPN7doctest9IReporterEEEPT_PKS6_S9_S7_
FN:750,_ZSt23__copy_move_backward_a2ILb1EPPKN7doctest6detail8TestCaseES5_ET1_T0_S7_S6_
FNDA:0,_ZSt23__copy_move_backward_a2ILb1EPPKN7doctest6detail8TestCaseES5_ET1_T0_S7_S6_
FN:750,_ZSt23__copy_move_backward_a2ILb1EPPN7doctest9IReporterES3_ET1_T0_S5_S4_
FNDA:0,_ZSt23__copy_move_backward_a2ILb1EPPN7doctest9IReporterES3_ET1_T0_S5_S4_
FN:750,_ZSt23__copy_move_backward_a2ILb1EPN7doctest16SubcaseSignatureES2_ET1_T0_S4_S3_
FNDA:0,_ZSt23__copy_move_backward_a2ILb1EPN7doctest16SubcaseSignatureES2_ET1_T0_S4_S3_
FN:768,_ZSt23__copy_move_backward_a1ILb1EPPKN7doctest6detail8TestCaseES5_ET1_T0_S7_S6_
FNDA:0,_ZSt23__copy_move_backward_a1ILb1EPPKN7doctest6detail8TestCaseES5_ET1_T0_S7_S6_
FN:768,_ZSt23__copy_move_backward_a1ILb1EPPN7doctest9IReporterES3_ET1_T0_S5_S4_
FNDA:0,_ZSt23__copy_move_backward_a1ILb1EPPN7doctest9IReporterES3_ET1_T0_S5_S4_
FN:768,_ZSt23__copy_move_backward_a1ILb1EPN7doctest16SubcaseSignatureES2_ET1_T0_S4_S3_
FNDA:0,_ZSt23__copy_move_backward_a1ILb1EPN7doctest16SubcaseSignatureES2_ET1_T0_S4_S3_
FN:796,_ZSt22__copy_move_backward_aILb1EPPN7doctest9IReporterES3_ET1_T0_S5_S4_
FNDA:0,_ZSt22__copy_move_backward_aILb1EPPN7doctest9IReporterES3_ET1_T0_S5_S4_
FN:796,_ZSt22__copy_move_backward_aILb1EPN7doctest16SubcaseSignatureES2_ET1_T0_S4_S3_
FNDA:0,_ZSt22__copy_move_backward_aILb1EPN7doctest16SubcaseSignatureES2_ET1_T0_S4_S3_
FN:796,_ZSt22__copy_move_backward_aILb1EN9__gnu_cxx17__normal_iteratorIPPKN7doctest6detail8TestCaseESt6vectorIS6_SaIS6_EEEESB_ET1_T0_SD_SC_
FNDA:0,_ZSt22__copy_move_backward_aILb1EN9__gnu_cxx17__normal_iteratorIPPKN7doctest6detail8TestCaseESt6vectorIS6_SaIS6_EEEESB_ET1_T0_SD_SC_
FN:884,_ZSt13move_backwardIPPN7doctest9IReporterES3_ET0_T_S5_S4_
FNDA:0,_ZSt13move_backwardIPPN7doctest9IReporterES3_ET0_T_S5_S4_
FN:884,_ZSt13move_backwardIPN7doctest16SubcaseSignatureES2_ET0_T_S4_S3_
FNDA:0,_ZSt13move_backwardIPN7doctest16SubcaseSignatureES2_ET0_T_S4_S3_
FN:884,_ZSt13move_backwardIN9__gnu_cxx17__normal_iteratorIPPKN7doctest6detail8TestCaseESt6vectorIS6_SaIS6_EEEESB_ET0_T_SD_SC_
FNDA:0,_ZSt13move_backwardIN9__gnu_cxx17__normal_iteratorIPPKN7doctest6detail8TestCaseESt6vectorIS6_SaIS6_EEEESB_ET0_T_SD_SC_
FN:1514,_ZSt4__lgl
FNDA:1,_ZSt4__lgl
FN:2061,_ZSt9__find_ifIN9__gnu_cxx17__normal_iteratorIPPKN7doctest6detail20IExceptionTranslatorESt6vectorIS6_SaIS6_EEEENS0_5__ops16_Iter_equals_valIKS6_EEET_SG_SG_T0_St26random_access_iterator_tag
FNDA:0,_ZSt9__find_ifIN9__gnu_cxx17__normal_iteratorIPPKN7doctest6detail20IExceptionTranslatorESt6vectorIS6_SaIS6_EEEENS0_5__ops16_Iter_equals_valIKS6_EEET_SG_SG_T0_St26random_access_iterator_tag
FN:2112,_ZSt9__find_ifIN9__gnu_cxx17__normal_iteratorIPPKN7doctest6detail20IExceptionTranslatorESt6vectorIS6_SaIS6_EEEENS0_5__ops16_Iter_equals_valIKS6_EEET_SG_SG_T0_
FNDA:0,_ZSt9__find_ifIN9__gnu_cxx17__normal_iteratorIPPKN7doctest6detail20IExceptionTranslatorESt6vectorIS6_SaIS6_EEEENS0_5__ops16_Iter_equals_valIKS6_EEET_SG_SG_T0_
DA:152,0
DA:182,0
DA:184,0
DA:230,0
DA:235,0
DA:236,0
DA:237,0
DA:230,15
DA:235,15
DA:236,0
DA:237,15
DA:254,3
DA:259,3
DA:260,2
DA:261,1
DA:254,6
DA:259,6
DA:260,0
DA:261,6
DA:254,6
DA:259,6
DA:260,3
DA:261,3
DA:313,0
DA:315,0
DA:313,24
DA:315,24
DA:313,0
DA:315,0
DA:313,0
DA:315,0
DA:313,6
DA:315,6
DA:313,6
DA:315,6
DA:313,0
DA:315,0
DA:313,0
DA:315,0
DA:313,0
DA:315,0
DA:313,0
DA:315,0
DA:313,0
DA:315,0
DA:328,0
DA:329,0
DA:328,0
DA:329,0
DA:335,0
DA:336,0
DA:335,0
DA:336,0
DA:335,0
DA:336,0
DA:335,0
DA:336,0
DA:335,0
DA:336,0
DA:335,0
DA:336,0
DA:380,0
DA:383,0
DA:385,0
DA:386,0
DA:387,0
DA:389,0
DA:420,0
DA:429,0
DA:430,0
DA:431,0
DA:432,0
DA:420,0
DA:429,0
DA:430,0
DA:431,0
DA:432,0
DA:420,0
DA:429,0
DA:430,0
DA:431,0
DA:432,0
DA:420,0
DA:429,0
DA:430,0
DA:431,0
DA:432,0
DA:420,0
DA:429,0
DA:430,0
DA:431,0
DA:432,0
DA:486,0
DA:495,0
DA:486,0
DA:495,0
DA:486,0
DA:495,0
DA:486,0
DA:495,0
DA:486,0
DA:495,0
DA:486,0
DA:495,0
DA:521,0
DA:522,0
DA:521,0
DA:522,0
DA:521,0
DA:522,0
DA:521,0
DA:522,0
DA:521,0
DA:522,0
DA:521,0
DA:522,0
DA:527,0
DA:529,0
DA:532,0
DA:527,0
DA:529,0
DA:532,0
DA:527,0
DA:529,0
DA:532,0
DA:527,0
DA:529,0
DA:532,0
DA:527,0
DA:529,0
DA:532,0
DA:527,0
DA:529,0
DA:532,0
DA:611,0
DA:620,0
DA:611,0
DA:620,0
DA:611,0
DA:620,0
DA:611,0
DA:620,0
DA:611,0
DA:620,0
DA:611,0
DA:620,0
DA:714,0
DA:717,0
DA:718,0
DA:719,0
DA:720,0
DA:731,0
DA:740,0
DA:741,0
DA:742,0
DA:743,0
DA:731,0
DA:740,0
DA:741,0
DA:742,0
DA:743,0
DA:750,0
DA:760,0
DA:762,0
DA:750,0
DA:760,0
DA:762,0
DA:750,0
DA:760,0
DA:762,0
DA:768,0
DA:769,0
DA:768,0
DA:769,0
DA:768,0
DA:769,0
DA:796,0
DA:798,0
DA:801,0
DA:796,0
DA:798,0
DA:801,0
DA:796,0
DA:798,0
DA:801,0
DA:884,0
DA:894,0
DA:896,0
DA:884,0
DA:894,0
DA:896,0
DA:884,0
DA:894,0
DA:896,0
DA:1514,1
DA:1515,1
DA:2061,0
DA:2065,0
DA:2067,0
DA:2069,0
DA:2070,0
DA:2071,0
DA:2073,0
DA:2074,0
DA:2075,0
DA:2077,0
DA:2078,0
DA:2079,0
DA:2081,0
DA:2082,0
DA:2083,0
DA:2086,0
DA:2088,0
DA:2089,0
DA:2090,0
DA:2091,0
DA:2093,0
DA:2094,0
DA:2095,0
DA:2096,0
DA:2098,0
DA:2099,0
DA:2100,0
DA:2101,0
DA:2103,0
DA:2105,0
DA:2112,0
DA:2114,0
DA:2115,0
end_of_record
SF:/usr/include/c++/11/bits/stl_pair.h
FN:314,_ZNSt4pairIiN7doctest6StringEEC2ERKS2_
FNDA:3,_ZNSt4pairIiN7doctest6StringEEC2ERKS2_
FN:315,_ZNSt4pairIKS_IiN7doctest6StringEEPFPNS0_9IReporterERKNS0_14ContextOptionsEEEC2EOSB_
FNDA:3,_ZNSt4pairIKS_IiN7doctest6StringEEPFPNS0_9IReporterERKNS0_14ContextOptionsEEEC2EOSB_
FN:315,_ZNSt4pairIiN7doctest6StringEEC2EOS2_
FNDA:3,_ZNSt4pairIiN7doctest6StringEEC2EOS2_
FN:322,_ZNSt4pairIPSt18_Rb_tree_node_baseS1_EC2IRS1_Lb1EEEOT_RKS1_
FNDA:0,_ZNSt4pairIPSt18_Rb_tree_node_baseS1_EC2IRS1_Lb1EEEOT_RKS1_
FN:352,_ZNSt4pairIiN7doctest6StringEEC2IRiRPKcLb1EEEOT_OT0_
FNDA:3,_ZNSt4pairIiN7doctest6StringEEC2IRiRPKcLb1EEEOT_OT0_
FN:352,_ZNSt4pairIKS_IiN7doctest6StringEEPFPNS0_9IReporterERKNS0_14ContextOptionsEEEC2IS2_RSA_Lb1EEEOT_OT0_
FNDA:3,_ZNSt4pairIKS_IiN7doctest6StringEEPFPNS0_9IReporterERKNS0_14ContextOptionsEEEC2IS2_RSA_Lb1EEEOT_OT0_
FN:352,_ZNSt4pairISt23_Rb_tree_const_iteratorIN7doctest6detail8TestCaseEEbEC2IRSt17_Rb_tree_iteratorIS3_ERbLb1EEEOT_OT0_
FNDA:6,_ZNSt4pairISt23_Rb_tree_const_iteratorIN7doctest6detail8TestCaseEEbEC2IRSt17_Rb_tree_iteratorIS3_ERbLb1EEEOT_OT0_
FN:352,_ZNSt4pairISt23_Rb_tree_const_iteratorIN7doctest6StringEEbEC2IRSt17_Rb_tree_iteratorIS2_ERbLb1EEEOT_OT0_
FNDA:0,_ZNSt4pairISt23_Rb_tree_const_iteratorIN7doctest6StringEEbEC2IRSt17_Rb_tree_iteratorIS2_ERbLb1EEEOT_OT0_
FN:352,_ZNSt4pairISt17_Rb_tree_iteratorIN7doctest6detail8TestCaseEEbEC2IS4_bLb1EEEOT_OT0_
FNDA:6,_ZNSt4pairISt17_Rb_tree_iteratorIN7doctest6detail8TestCaseEEbEC2IS4_bLb1EEEOT_OT0_
FN:352,_ZNSt4pairISt17_Rb_tree_iteratorIN7doctest6StringEEbEC2IS3_bLb1EEEOT_OT0_
FNDA:0,_ZNSt4pairISt17_Rb_tree_iteratorIN7doctest6StringEEbEC2IS3_bLb1EEEOT_OT0_
FN:352,_ZNSt4pairISt17_Rb_tree_iteratorIS_IKS_IiN7doctest6StringEEPFPNS1_9IReporterERKNS1_14ContextOptionsEEEEbEC2ISD_bLb1EEEOT_OT0_
FNDA:3,_ZNSt4pairISt17_Rb_tree_iteratorIS_IKS_IiN7doctest6StringEEPFPNS1_9IReporterERKNS1_14ContextOptionsEEEEbEC2ISD_bLb1EEEOT_OT0_
FN:352,_ZNSt4pairINSt8__detail14_Node_iteratorIyLb1ELb0EEEbEC2IS2_bLb1EEEOT_OT0_
FNDA:0,_ZNSt4pairINSt8__detail14_Node_iteratorIyLb1ELb0EEEbEC2IS2_bLb1EEEOT_OT0_
FN:352,_ZNSt4pairINSt8__detail14_Node_iteratorIyLb1ELb0EEEbEC2IRS2_bLb1EEEOT_OT0_
FNDA:0,_ZNSt4pairINSt8__detail14_Node_iteratorIyLb1ELb0EEEbEC2IRS2_bLb1EEEOT_OT0_
FN:352,_ZNSt4pairIPSt18_Rb_tree_node_baseS1_EC2IRPSt13_Rb_tree_nodeIN7doctest6detail8TestCaseEERS1_Lb1EEEOT_OT0_
FNDA:6,_ZNSt4pairIPSt18_Rb_tree_node_baseS1_EC2IRPSt13_Rb_tree_nodeIN7doctest6detail8TestCaseEERS1_Lb1EEEOT_OT0_
FN:352,_ZNSt4pairIPSt18_Rb_tree_node_baseS1_EC2IRPSt13_Rb_tree_nodeIN7doctest6StringEERS1_Lb1EEEOT_OT0_
FNDA:0,_ZNSt4pairIPSt18_Rb_tree_node_baseS1_EC2IRPSt13_Rb_tree_nodeIN7doctest6StringEERS1_Lb1EEEOT_OT0_
FN:352,_ZNSt4pairIPSt18_Rb_tree_node_baseS1_EC2IRPSt13_Rb_tree_nodeIS_IKS_IiN7doctest6StringEEPFPNS5_9IReporterERKNS5_14ContextOptionsEEEERS1_Lb1EEEOT_OT0_
FNDA:3,_ZNSt4pairIPSt18_Rb_tree_node_baseS1_EC2IRPSt13_Rb_tree_nodeIS_IKS_IiN7doctest6StringEEPFPNS5_9IReporterERKNS5_14ContextOptionsEEEERS1_Lb1EEEOT_OT0_
FN:489,_ZStltIiN7doctest6StringEEbRKSt4pairIT_T0_ES7_
FNDA:5,_ZStltIiN7doctest6StringEEbRKSt4pairIT_T0_ES7_
DA:314,3
DA:315,3
DA:315,3
DA:322,0
DA:323,0
DA:352,3
DA:353,3
DA:352,0
DA:353,0
DA:352,6
DA:353,6
DA:352,0
DA:353,0
DA:352,0
DA:353,0
DA:352,3
DA:353,3
DA:352,0
DA:353,0
DA:352,6
DA:353,6
DA:352,0
DA:353,0
DA:352,6
DA:353,6
DA:352,3
DA:353,3
DA:352,3
DA:353,3
DA:489,5
DA:490,5
DA:491,5
end_of_record
TN:test
SF:/home/lubuntu/Documents/github/xmake/csd-xmake/bench/test_switch.cpp
FN:6,_ZL13using_if_elseRN9benchmark5StateE
FNDA:8,_ZL13using_if_elseRN9benchmark5StateE
FN:17,_ZL12using_switchRN9benchmark5StateE
FNDA:8,_ZL12using_switchRN9benchmark5StateE
FN:27,main
FNDA:1,main
DA:6,8
DA:8,6166270
DA:9,6166238
DA:13,8
DA:17,8
DA:19,6511363
DA:20,6511331
DA:24,8
DA:27,1
end_of_record
SF:/home/lubuntu/.config/.xmake/packages/b/benchmark/1.7.0/f560adeb922d4838b5ce55f080617dbb/include/benchmark/benchmark.h
FN:1257,_ZN9benchmark8internal17FunctionBenchmarkC2EPKcPFvRNS_5StateEE
FNDA:2,_ZN9benchmark8internal17FunctionBenchmarkC2EPKcPFvRNS_5StateEE
DA:489,12677569
DA:490,12677569
DA:940,16
DA:944,16
DA:948,12677569
DA:952,12677569
DA:953,12677569
DA:954,12677569
DA:959,12677585
DA:960,16
DA:961,16
DA:970,16
DA:973,16
DA:974,16
DA:1257,2
DA:1258,2
end_of_record
